2025-03-25 17:51:53,307 - ERROR - Error loading tickets: [WinError 3] The system cannot find the path specified: ''
2025-03-25 17:51:53,307 - ERROR - Error loading users: [WinError 3] The system cannot find the path specified: ''
2025-03-25 17:51:53,308 - INFO - logging in using static token
2025-03-25 17:51:54,124 - INFO - Shard ID None has connected to Gateway (Session ID: f510afa631468cf46b5e1c77df5af96b).
2025-03-25 17:52:24,995 - INFO - Added new user 701932525551091743 with default balance 200
2025-03-25 17:52:24,996 - INFO - Successfully saved 1 users to money.txt
2025-03-25 17:52:25,295 - INFO - User 701932525551091743: Balance changed from 200 to 800 (delta: 600)
2025-03-25 17:52:25,295 - INFO - Successfully saved 1 users to money.txt
2025-03-25 17:52:28,632 - INFO - User 701932525551091743: Balance changed from 800 to 600 (delta: -200)
2025-03-25 17:52:28,633 - INFO - Successfully saved 1 users to money.txt
2025-03-25 17:52:30,612 - INFO - User 701932525551091743: Balance changed from 600 to 400 (delta: -200)
2025-03-25 17:52:30,612 - INFO - Successfully saved 1 users to money.txt
2025-03-25 17:52:33,202 - INFO - User 701932525551091743: Balance changed from 400 to 200 (delta: -200)
2025-03-25 17:52:33,202 - INFO - Successfully saved 1 users to money.txt
2025-03-25 17:52:48,912 - INFO - User 701932525551091743: Balance changed from 200 to 200 (delta: -200)
2025-03-25 17:52:48,912 - INFO - Successfully saved 1 users to money.txt
2025-03-25 17:52:50,442 - INFO - User 701932525551091743: Balance changed from 200 to 200 (delta: -200)
2025-03-25 17:52:50,442 - INFO - Successfully saved 1 users to money.txt
2025-03-25 17:52:51,752 - INFO - User 701932525551091743: Balance changed from 200 to 400 (delta: 200)
2025-03-25 17:52:51,753 - INFO - Successfully saved 1 users to money.txt
2025-03-25 17:53:02,228 - INFO - User 701932525551091743: Balance changed from 400 to 200 (delta: -400)
2025-03-25 17:53:02,228 - INFO - Successfully saved 1 users to money.txt
2025-03-25 17:53:44,867 - ERROR - Ignoring exception in command 'fuhrerlotteryticket'
Traceback (most recent call last):
  File "C:\Users\owenc\AppData\Roaming\Python\Python312\site-packages\discord\app_commands\commands.py", line 858, in _do_call
    return await self._callback(interaction, **params)  # type: ignore
           ^^^^^^^^^^^^^^^^^^^^^^^^^^^^^^^^^^^^^^^^^^^
  File "C:\Users\owenc\python\fuhrer\bot.py", line 367, in fuhrerlotteryticket
    await interaction.followup.send(f"You do not have enough money for a lottery ticked. \u274c Current balance: {Money.get_balance(interaction.user.id)}")
  File "C:\Users\owenc\AppData\Roaming\Python\Python312\site-packages\discord\webhook\async_.py", line 1857, in send
    data = await adapter.execute_webhook(
           ^^^^^^^^^^^^^^^^^^^^^^^^^^^^^^
  File "C:\Users\owenc\AppData\Roaming\Python\Python312\site-packages\discord\webhook\async_.py", line 224, in request
    raise NotFound(response, data)
discord.errors.NotFound: 404 Not Found (error code: 10015): Unknown Webhook

The above exception was the direct cause of the following exception:

Traceback (most recent call last):
  File "C:\Users\owenc\AppData\Roaming\Python\Python312\site-packages\discord\app_commands\tree.py", line 1310, in _call
    await command._invoke_with_namespace(interaction, namespace)
  File "C:\Users\owenc\AppData\Roaming\Python\Python312\site-packages\discord\app_commands\commands.py", line 883, in _invoke_with_namespace
    return await self._do_call(interaction, transformed_values)
           ^^^^^^^^^^^^^^^^^^^^^^^^^^^^^^^^^^^^^^^^^^^^^^^^^^^^
  File "C:\Users\owenc\AppData\Roaming\Python\Python312\site-packages\discord\app_commands\commands.py", line 876, in _do_call
    raise CommandInvokeError(self, e) from e
discord.app_commands.errors.CommandInvokeError: Command 'fuhrerlotteryticket' raised an exception: NotFound: 404 Not Found (error code: 10015): Unknown Webhook
2025-03-25 18:48:34,736 - ERROR - Error loading tickets: [WinError 3] The system cannot find the path specified: ''
2025-03-25 18:48:34,736 - ERROR - Error loading users: [WinError 3] The system cannot find the path specified: ''
2025-03-25 18:48:34,737 - INFO - logging in using static token
2025-03-25 18:48:35,641 - INFO - Shard ID None has connected to Gateway (Session ID: f955ce09ce32d58b75ab85a0c47a66a4).
2025-03-25 18:49:18,835 - INFO - Added new user 701932525551091743 with default balance 200
2025-03-25 18:49:18,835 - INFO - Successfully saved 1 users to money.txt
2025-03-25 18:49:32,662 - INFO - User 701932525551091743: Balance changed from 200 to 200 (delta: -200)
2025-03-25 18:49:32,663 - INFO - Successfully saved 1 users to money.txt
2025-03-25 18:49:34,188 - INFO - User 701932525551091743: Balance changed from 200 to 200 (delta: -200)
2025-03-25 18:49:34,189 - INFO - Successfully saved 1 users to money.txt
2025-03-25 18:49:35,374 - INFO - User 701932525551091743: Balance changed from 200 to 200 (delta: -200)
2025-03-25 18:49:35,375 - INFO - Successfully saved 1 users to money.txt
2025-03-25 18:49:38,756 - INFO - User 701932525551091743: Balance changed from 200 to 800 (delta: 600)
2025-03-25 18:49:38,756 - INFO - Successfully saved 1 users to money.txt
2025-03-25 18:49:52,818 - INFO - User 701932525551091743: Balance changed from 800 to 3800 (delta: 3000)
2025-03-25 18:49:52,819 - INFO - Successfully saved 1 users to money.txt
2025-03-25 18:49:57,356 - INFO - User 701932525551091743: Balance changed from 3800 to 4400 (delta: 600)
2025-03-25 18:49:57,357 - INFO - Successfully saved 1 users to money.txt
2025-03-25 18:49:59,096 - INFO - User 701932525551091743: Balance changed from 4400 to 5000 (delta: 600)
2025-03-25 18:49:59,097 - INFO - Successfully saved 1 users to money.txt
2025-03-25 18:50:07,416 - INFO - User 701932525551091743: Balance changed from 5000 to 200 (delta: -5000)
2025-03-25 18:50:07,417 - INFO - Successfully saved 1 users to money.txt
2025-03-25 18:50:07,417 - INFO - Successfully saved 1 tickets to lottery.txt
2025-03-25 18:50:17,816 - INFO - Successfully saved 0 tickets to lottery.txt
2025-03-25 18:50:17,816 - WARNING - All lottery tickets cleared
2025-03-25 18:52:20,057 - ERROR - Error loading tickets: [WinError 3] The system cannot find the path specified: ''
2025-03-25 18:52:20,057 - ERROR - Error loading users: [WinError 3] The system cannot find the path specified: ''
2025-03-25 18:52:20,059 - INFO - logging in using static token
2025-03-25 18:52:21,455 - INFO - Shard ID None has connected to Gateway (Session ID: cd4533ee39bee570e9b995084d204a08).
2025-03-25 18:52:39,104 - INFO - Added new user 701932525551091743 with default balance 200
2025-03-25 18:52:39,105 - INFO - Successfully saved 1 users to money.txt
2025-03-25 18:52:46,806 - INFO - User 701932525551091743: Balance changed from 200 to 200 (delta: -200)
2025-03-25 18:52:46,806 - INFO - Successfully saved 1 users to money.txt
2025-03-25 18:52:47,954 - INFO - User 701932525551091743: Balance changed from 200 to 800 (delta: 600)
2025-03-25 18:52:47,954 - INFO - Successfully saved 1 users to money.txt
2025-03-25 18:52:49,550 - INFO - User 701932525551091743: Balance changed from 800 to 600 (delta: -200)
2025-03-25 18:52:49,551 - INFO - Successfully saved 1 users to money.txt
2025-03-25 18:52:53,003 - INFO - User 701932525551091743: Balance changed from 600 to 400 (delta: -200)
2025-03-25 18:52:53,003 - INFO - Successfully saved 1 users to money.txt
2025-03-25 18:52:54,507 - INFO - User 701932525551091743: Balance changed from 400 to 1000 (delta: 600)
2025-03-25 18:52:54,508 - INFO - Successfully saved 1 users to money.txt
2025-03-25 18:52:57,111 - INFO - User 701932525551091743: Balance changed from 1000 to 800 (delta: -200)
2025-03-25 18:52:57,112 - INFO - Successfully saved 1 users to money.txt
2025-03-25 18:52:59,489 - INFO - User 701932525551091743: Balance changed from 800 to 1400 (delta: 600)
2025-03-25 18:52:59,490 - INFO - Successfully saved 1 users to money.txt
2025-03-25 18:54:28,324 - INFO - User 701932525551091743: Balance changed from 1400 to 2000 (delta: 600)
2025-03-25 18:54:28,325 - INFO - Successfully saved 1 users to money.txt
2025-03-25 18:54:29,772 - INFO - User 701932525551091743: Balance changed from 2000 to 1800 (delta: -200)
2025-03-25 18:54:29,772 - INFO - Successfully saved 1 users to money.txt
2025-03-25 18:54:30,967 - INFO - User 701932525551091743: Balance changed from 1800 to 2400 (delta: 600)
2025-03-25 18:54:30,967 - INFO - Successfully saved 1 users to money.txt
2025-03-25 18:54:34,485 - INFO - User 701932525551091743: Balance changed from 2400 to 2200 (delta: -200)
2025-03-25 18:54:34,485 - INFO - Successfully saved 1 users to money.txt
2025-03-25 18:54:37,100 - INFO - User 701932525551091743: Balance changed from 2200 to 2000 (delta: -200)
2025-03-25 18:54:37,101 - INFO - Successfully saved 1 users to money.txt
2025-03-25 18:54:38,683 - INFO - User 701932525551091743: Balance changed from 2000 to 5000 (delta: 3000)
2025-03-25 18:54:38,684 - INFO - Successfully saved 1 users to money.txt
2025-03-25 18:54:53,124 - INFO - User 701932525551091743: Balance changed from 5000 to 200 (delta: -5000)
2025-03-25 18:54:53,125 - INFO - Successfully saved 1 users to money.txt
2025-03-25 18:54:53,125 - INFO - Successfully saved 1 tickets to lottery.txt
2025-03-25 18:55:07,258 - INFO - Successfully saved 0 tickets to lottery.txt
2025-03-25 18:55:07,258 - WARNING - All lottery tickets cleared
2025-03-25 18:55:07,258 - ERROR - Ignoring exception in command 'runlottery'
Traceback (most recent call last):
  File "C:\Users\owenc\AppData\Roaming\Python\Python312\site-packages\discord\app_commands\commands.py", line 858, in _do_call
    return await self._callback(interaction, **params)  # type: ignore
           ^^^^^^^^^^^^^^^^^^^^^^^^^^^^^^^^^^^^^^^^^^^
  File "C:\Users\owenc\python\fuhrer\bot.py", line 375, in runlottery
    async def on_ready():
                          
AttributeError: 'NoneType' object has no attribute 'mention'

The above exception was the direct cause of the following exception:

Traceback (most recent call last):
  File "C:\Users\owenc\AppData\Roaming\Python\Python312\site-packages\discord\app_commands\tree.py", line 1310, in _call
    await command._invoke_with_namespace(interaction, namespace)
  File "C:\Users\owenc\AppData\Roaming\Python\Python312\site-packages\discord\app_commands\commands.py", line 883, in _invoke_with_namespace
    return await self._do_call(interaction, transformed_values)
           ^^^^^^^^^^^^^^^^^^^^^^^^^^^^^^^^^^^^^^^^^^^^^^^^^^^^
  File "C:\Users\owenc\AppData\Roaming\Python\Python312\site-packages\discord\app_commands\commands.py", line 876, in _do_call
    raise CommandInvokeError(self, e) from e
discord.app_commands.errors.CommandInvokeError: Command 'runlottery' raised an exception: AttributeError: 'NoneType' object has no attribute 'mention'
2025-03-25 18:56:34,094 - ERROR - Error loading tickets: [WinError 3] The system cannot find the path specified: ''
2025-03-25 18:56:34,094 - ERROR - Error loading users: [WinError 3] The system cannot find the path specified: ''
2025-03-25 18:56:34,095 - INFO - logging in using static token
2025-03-25 18:56:35,248 - INFO - Shard ID None has connected to Gateway (Session ID: 61e3c175ae333e020668d455953c81fe).
2025-03-25 18:56:53,703 - INFO - Added new user 701932525551091743 with default balance 200
2025-03-25 18:56:53,704 - INFO - Successfully saved 1 users to money.txt
2025-03-25 18:56:58,732 - INFO - User 701932525551091743: Balance changed from 200 to 800 (delta: 600)
2025-03-25 18:56:58,733 - INFO - Successfully saved 1 users to money.txt
2025-03-25 18:57:00,115 - INFO - User 701932525551091743: Balance changed from 800 to 600 (delta: -200)
2025-03-25 18:57:00,116 - INFO - Successfully saved 1 users to money.txt
2025-03-25 18:57:01,479 - INFO - User 701932525551091743: Balance changed from 600 to 400 (delta: -200)
2025-03-25 18:57:01,479 - INFO - Successfully saved 1 users to money.txt
2025-03-25 18:57:03,991 - INFO - User 701932525551091743: Balance changed from 400 to 200 (delta: -200)
2025-03-25 18:57:03,991 - INFO - Successfully saved 1 users to money.txt
2025-03-25 18:57:06,557 - INFO - User 701932525551091743: Balance changed from 200 to 200 (delta: -200)
2025-03-25 18:57:06,558 - INFO - Successfully saved 1 users to money.txt
2025-03-25 18:57:09,801 - INFO - User 701932525551091743: Balance changed from 200 to 200 (delta: -200)
2025-03-25 18:57:09,802 - INFO - Successfully saved 1 users to money.txt
2025-03-25 18:59:52,205 - INFO - User 701932525551091743: Balance changed from 200 to 800 (delta: 600)
2025-03-25 18:59:52,205 - INFO - Successfully saved 1 users to money.txt
2025-03-25 18:59:54,240 - INFO - User 701932525551091743: Balance changed from 800 to 1400 (delta: 600)
2025-03-25 18:59:54,240 - INFO - Successfully saved 1 users to money.txt
2025-03-25 18:59:55,298 - INFO - User 701932525551091743: Balance changed from 1400 to 1200 (delta: -200)
2025-03-25 18:59:55,299 - INFO - Successfully saved 1 users to money.txt
2025-03-25 18:59:57,675 - INFO - User 701932525551091743: Balance changed from 1200 to 1000 (delta: -200)
2025-03-25 18:59:57,675 - INFO - Successfully saved 1 users to money.txt
2025-03-25 19:00:00,232 - INFO - User 701932525551091743: Balance changed from 1000 to 1600 (delta: 600)
2025-03-25 19:00:00,233 - INFO - Successfully saved 1 users to money.txt
2025-03-25 19:00:02,783 - INFO - User 701932525551091743: Balance changed from 1600 to 2200 (delta: 600)
2025-03-25 19:00:02,783 - INFO - Successfully saved 1 users to money.txt
2025-03-25 19:00:05,189 - INFO - User 701932525551091743: Balance changed from 2200 to 2000 (delta: -200)
2025-03-25 19:00:05,190 - INFO - Successfully saved 1 users to money.txt
2025-03-25 19:00:07,604 - INFO - User 701932525551091743: Balance changed from 2000 to 1800 (delta: -200)
2025-03-25 19:00:07,604 - INFO - Successfully saved 1 users to money.txt
2025-03-25 19:00:10,247 - INFO - User 701932525551091743: Balance changed from 1800 to 1600 (delta: -200)
2025-03-25 19:00:10,247 - INFO - Successfully saved 1 users to money.txt
2025-03-25 19:00:12,635 - INFO - User 701932525551091743: Balance changed from 1600 to 2200 (delta: 600)
2025-03-25 19:00:12,635 - INFO - Successfully saved 1 users to money.txt
2025-03-25 19:00:22,105 - INFO - User 701932525551091743: Balance changed from 2200 to 200 (delta: -2000)
2025-03-25 19:00:22,106 - INFO - Successfully saved 1 users to money.txt
2025-03-25 19:00:25,637 - INFO - User 701932525551091743: Balance changed from 200 to 800 (delta: 600)
2025-03-25 19:00:25,637 - INFO - Successfully saved 1 users to money.txt
2025-03-25 19:00:27,119 - INFO - User 701932525551091743: Balance changed from 800 to 1400 (delta: 600)
2025-03-25 19:00:27,120 - INFO - Successfully saved 1 users to money.txt
2025-03-25 19:00:28,465 - INFO - User 701932525551091743: Balance changed from 1400 to 2000 (delta: 600)
2025-03-25 19:00:28,465 - INFO - Successfully saved 1 users to money.txt
2025-03-25 19:00:30,769 - INFO - User 701932525551091743: Balance changed from 2000 to 1800 (delta: -200)
2025-03-25 19:00:30,769 - INFO - Successfully saved 1 users to money.txt
2025-03-25 19:00:33,141 - INFO - User 701932525551091743: Balance changed from 1800 to 1600 (delta: -200)
2025-03-25 19:00:33,142 - INFO - Successfully saved 1 users to money.txt
2025-03-25 19:00:36,420 - INFO - User 701932525551091743: Balance changed from 1600 to 2200 (delta: 600)
2025-03-25 19:00:36,421 - INFO - Successfully saved 1 users to money.txt
2025-03-25 19:00:37,991 - INFO - User 701932525551091743: Balance changed from 2200 to 2000 (delta: -200)
2025-03-25 19:00:37,991 - INFO - Successfully saved 1 users to money.txt
2025-03-25 19:00:40,599 - INFO - User 701932525551091743: Balance changed from 2000 to 1800 (delta: -200)
2025-03-25 19:00:40,600 - INFO - Successfully saved 1 users to money.txt
2025-03-25 19:00:43,895 - INFO - User 701932525551091743: Balance changed from 1800 to 1600 (delta: -200)
2025-03-25 19:00:43,896 - INFO - Successfully saved 1 users to money.txt
2025-03-25 19:00:46,191 - INFO - User 701932525551091743: Balance changed from 1600 to 2200 (delta: 600)
2025-03-25 19:00:46,192 - INFO - Successfully saved 1 users to money.txt
2025-03-25 19:00:48,791 - INFO - User 701932525551091743: Balance changed from 2200 to 2000 (delta: -200)
2025-03-25 19:00:48,792 - INFO - Successfully saved 1 users to money.txt
2025-03-25 19:00:51,219 - INFO - User 701932525551091743: Balance changed from 2000 to 1800 (delta: -200)
2025-03-25 19:00:51,220 - INFO - Successfully saved 1 users to money.txt
2025-03-25 19:00:53,720 - INFO - User 701932525551091743: Balance changed from 1800 to 2400 (delta: 600)
2025-03-25 19:00:53,720 - INFO - Successfully saved 1 users to money.txt
2025-03-25 19:01:05,845 - INFO - User 701932525551091743: Balance changed from 2400 to 200 (delta: -2400)
2025-03-25 19:01:05,846 - INFO - Successfully saved 1 users to money.txt
2025-03-25 19:01:08,786 - INFO - User 701932525551091743: Balance changed from 200 to 200 (delta: -200)
2025-03-25 19:01:08,786 - INFO - Successfully saved 1 users to money.txt
2025-03-25 19:01:09,993 - INFO - User 701932525551091743: Balance changed from 200 to 200 (delta: -200)
2025-03-25 19:01:09,993 - INFO - Successfully saved 1 users to money.txt
2025-03-25 19:01:11,500 - INFO - User 701932525551091743: Balance changed from 200 to 200 (delta: -200)
2025-03-25 19:01:11,500 - INFO - Successfully saved 1 users to money.txt
2025-03-25 19:01:13,759 - INFO - User 701932525551091743: Balance changed from 200 to 800 (delta: 600)
2025-03-25 19:01:13,760 - INFO - Successfully saved 1 users to money.txt
2025-03-25 19:01:17,889 - INFO - User 701932525551091743: Balance changed from 800 to 3800 (delta: 3000)
2025-03-25 19:01:17,889 - INFO - Successfully saved 1 users to money.txt
2025-03-25 19:04:18,046 - INFO - Added new user 1151644112454439023 with default balance 200
2025-03-25 19:04:18,047 - INFO - Successfully saved 2 users to money.txt
2025-03-25 19:04:18,047 - INFO - User 1151644112454439023: Balance changed from 200 to 800 (delta: 600)
2025-03-25 19:04:18,047 - INFO - Successfully saved 2 users to money.txt
2025-03-25 19:04:29,794 - INFO - User 1151644112454439023: Balance changed from 800 to 1400 (delta: 600)
2025-03-25 19:04:29,795 - INFO - Successfully saved 2 users to money.txt
2025-03-25 19:04:36,357 - INFO - User 701932525551091743: Balance changed from 3800 to 3600 (delta: -200)
2025-03-25 19:04:36,358 - INFO - Successfully saved 2 users to money.txt
2025-03-25 19:04:37,662 - INFO - User 701932525551091743: Balance changed from 3600 to 3400 (delta: -200)
2025-03-25 19:04:37,662 - INFO - Successfully saved 2 users to money.txt
2025-03-25 19:04:39,924 - INFO - User 701932525551091743: Balance changed from 3400 to 4000 (delta: 600)
2025-03-25 19:04:39,925 - INFO - Successfully saved 2 users to money.txt
2025-03-25 19:04:47,328 - INFO - User 701932525551091743: Balance changed from 4000 to 3000 (delta: -1000)
2025-03-25 19:04:47,329 - INFO - Successfully saved 2 users to money.txt
2025-03-25 19:04:47,535 - INFO - User 1151644112454439023: Balance changed from 1400 to 2000 (delta: 600)
2025-03-25 19:04:47,535 - INFO - Successfully saved 2 users to money.txt
2025-03-25 19:04:50,239 - INFO - User 1151644112454439023: Balance changed from 2000 to 2600 (delta: 600)
2025-03-25 19:04:50,240 - INFO - Successfully saved 2 users to money.txt
2025-03-25 19:04:56,809 - INFO - User 1151644112454439023: Balance changed from 2600 to 3200 (delta: 600)
2025-03-25 19:04:56,810 - INFO - Successfully saved 2 users to money.txt
2025-03-25 19:04:57,030 - INFO - User 701932525551091743: Balance changed from 3000 to 2000 (delta: -1000)
2025-03-25 19:04:57,031 - INFO - Successfully saved 2 users to money.txt
2025-03-25 19:04:58,494 - INFO - User 701932525551091743: Balance changed from 2000 to 3000 (delta: 1000)
2025-03-25 19:04:58,495 - INFO - Successfully saved 2 users to money.txt
2025-03-25 19:05:01,865 - INFO - User 701932525551091743: Balance changed from 3000 to 2000 (delta: -1000)
2025-03-25 19:05:01,866 - INFO - Successfully saved 2 users to money.txt
2025-03-25 19:05:02,977 - INFO - User 1151644112454439023: Balance changed from 3200 to 3800 (delta: 600)
2025-03-25 19:05:02,978 - INFO - Successfully saved 2 users to money.txt
2025-03-25 19:05:03,292 - INFO - User 701932525551091743: Balance changed from 2000 to 1000 (delta: -1000)
2025-03-25 19:05:03,293 - INFO - Successfully saved 2 users to money.txt
2025-03-25 19:05:06,842 - INFO - User 1151644112454439023: Balance changed from 3800 to 3600 (delta: -200)
2025-03-25 19:05:06,843 - INFO - Successfully saved 2 users to money.txt
2025-03-25 19:05:08,494 - INFO - User 701932525551091743: Balance changed from 1000 to 2000 (delta: 1000)
2025-03-25 19:05:08,495 - INFO - Successfully saved 2 users to money.txt
2025-03-25 19:05:10,148 - INFO - User 701932525551091743: Balance changed from 2000 to 1000 (delta: -1000)
2025-03-25 19:05:10,149 - INFO - Successfully saved 2 users to money.txt
2025-03-25 19:05:15,528 - INFO - User 1151644112454439023: Balance changed from 3600 to 4200 (delta: 600)
2025-03-25 19:05:15,528 - INFO - Successfully saved 2 users to money.txt
2025-03-25 19:05:21,120 - INFO - User 1151644112454439023: Balance changed from 4200 to 4800 (delta: 600)
2025-03-25 19:05:21,120 - INFO - Successfully saved 2 users to money.txt
2025-03-25 19:05:23,750 - INFO - User 701932525551091743: Balance changed from 1000 to 800 (delta: -200)
2025-03-25 19:05:23,750 - INFO - Successfully saved 2 users to money.txt
2025-03-25 19:05:25,061 - INFO - User 701932525551091743: Balance changed from 800 to 600 (delta: -200)
2025-03-25 19:05:25,062 - INFO - Successfully saved 2 users to money.txt
2025-03-25 19:05:25,846 - INFO - User 1151644112454439023: Balance changed from 4800 to 5400 (delta: 600)
2025-03-25 19:05:25,846 - INFO - Successfully saved 2 users to money.txt
2025-03-25 19:05:26,313 - INFO - User 701932525551091743: Balance changed from 600 to 1200 (delta: 600)
2025-03-25 19:05:26,314 - INFO - Successfully saved 2 users to money.txt
2025-03-25 19:05:29,042 - INFO - User 1151644112454439023: Balance changed from 5400 to 6000 (delta: 600)
2025-03-25 19:05:29,043 - INFO - Successfully saved 2 users to money.txt
2025-03-25 19:05:29,593 - INFO - User 701932525551091743: Balance changed from 1200 to 1800 (delta: 600)
2025-03-25 19:05:29,593 - INFO - Successfully saved 2 users to money.txt
2025-03-25 19:05:31,329 - INFO - User 701932525551091743: Balance changed from 1800 to 1600 (delta: -200)
2025-03-25 19:05:31,329 - INFO - Successfully saved 2 users to money.txt
2025-03-25 19:05:31,587 - INFO - User 1151644112454439023: Balance changed from 6000 to 6600 (delta: 600)
2025-03-25 19:05:31,587 - INFO - Successfully saved 2 users to money.txt
2025-03-25 19:05:33,919 - INFO - User 701932525551091743: Balance changed from 1600 to 1400 (delta: -200)
2025-03-25 19:05:33,919 - INFO - Successfully saved 2 users to money.txt
2025-03-25 19:05:36,274 - INFO - User 1151644112454439023: Balance changed from 6600 to 6400 (delta: -200)
2025-03-25 19:05:36,274 - INFO - Successfully saved 2 users to money.txt
2025-03-25 19:05:37,320 - INFO - User 701932525551091743: Balance changed from 1400 to 2000 (delta: 600)
2025-03-25 19:05:37,320 - INFO - Successfully saved 2 users to money.txt
2025-03-25 19:05:38,701 - INFO - User 701932525551091743: Balance changed from 2000 to 1800 (delta: -200)
2025-03-25 19:05:38,703 - INFO - Successfully saved 2 users to money.txt
2025-03-25 19:05:38,897 - INFO - User 1151644112454439023: Balance changed from 6400 to 7000 (delta: 600)
2025-03-25 19:05:38,898 - INFO - Successfully saved 2 users to money.txt
2025-03-25 19:05:41,256 - INFO - User 701932525551091743: Balance changed from 1800 to 1600 (delta: -200)
2025-03-25 19:05:41,257 - INFO - Successfully saved 2 users to money.txt
2025-03-25 19:05:42,215 - INFO - User 1151644112454439023: Balance changed from 7000 to 6800 (delta: -200)
2025-03-25 19:05:42,215 - INFO - Successfully saved 2 users to money.txt
2025-03-25 19:05:45,471 - INFO - User 1151644112454439023: Balance changed from 6800 to 7400 (delta: 600)
2025-03-25 19:05:45,472 - INFO - Successfully saved 2 users to money.txt
2025-03-25 19:05:49,163 - INFO - User 1151644112454439023: Balance changed from 7400 to 8000 (delta: 600)
2025-03-25 19:05:49,163 - INFO - Successfully saved 2 users to money.txt
2025-03-25 19:05:59,795 - INFO - User 1151644112454439023: Balance changed from 8000 to 3000 (delta: -5000)
2025-03-25 19:05:59,795 - INFO - Successfully saved 2 users to money.txt
2025-03-25 19:05:59,796 - INFO - Successfully saved 1 tickets to lottery.txt
2025-03-25 19:07:09,167 - INFO - User 1151644112454439023: Balance changed from 3000 to 4800 (delta: 1800)
2025-03-25 19:07:09,168 - INFO - Successfully saved 2 users to money.txt
2025-03-25 19:07:23,904 - INFO - User 1151644112454439023: Balance changed from 4800 to 6600 (delta: 1800)
2025-03-25 19:07:23,904 - INFO - Successfully saved 2 users to money.txt
2025-03-25 19:07:26,386 - INFO - User 1151644112454439023: Balance changed from 6600 to 8400 (delta: 1800)
2025-03-25 19:07:26,386 - INFO - Successfully saved 2 users to money.txt
2025-03-25 19:07:29,044 - INFO - User 1151644112454439023: Balance changed from 8400 to 10200 (delta: 1800)
2025-03-25 19:07:29,044 - INFO - Successfully saved 2 users to money.txt
2025-03-25 19:07:31,289 - INFO - User 1151644112454439023: Balance changed from 10200 to 12000 (delta: 1800)
2025-03-25 19:07:31,290 - INFO - Successfully saved 2 users to money.txt
2025-03-25 19:07:33,980 - INFO - User 1151644112454439023: Balance changed from 12000 to 13800 (delta: 1800)
2025-03-25 19:07:33,980 - INFO - Successfully saved 2 users to money.txt
2025-03-25 19:07:43,404 - INFO - User 1151644112454439023: Balance changed from 13800 to 16800 (delta: 3000)
2025-03-25 19:07:43,405 - INFO - Successfully saved 2 users to money.txt
2025-03-25 19:07:46,133 - INFO - User 1151644112454439023: Balance changed from 16800 to 19800 (delta: 3000)
2025-03-25 19:07:46,134 - INFO - Successfully saved 2 users to money.txt
2025-03-25 19:07:48,395 - INFO - User 1151644112454439023: Balance changed from 19800 to 18800 (delta: -1000)
2025-03-25 19:07:48,396 - INFO - Successfully saved 2 users to money.txt
2025-03-25 19:07:50,927 - INFO - User 1151644112454439023: Balance changed from 18800 to 21800 (delta: 3000)
2025-03-25 19:07:50,928 - INFO - Successfully saved 2 users to money.txt
2025-03-25 19:07:53,902 - INFO - User 1151644112454439023: Balance changed from 21800 to 24800 (delta: 3000)
2025-03-25 19:07:53,902 - INFO - Successfully saved 2 users to money.txt
2025-03-25 19:08:00,831 - INFO - User 1151644112454439023: Balance changed from 24800 to 23800 (delta: -1000)
2025-03-25 19:08:00,832 - INFO - Successfully saved 2 users to money.txt
2025-03-25 19:08:06,047 - INFO - User 1151644112454439023: Balance changed from 23800 to 26800 (delta: 3000)
2025-03-25 19:08:06,048 - INFO - Successfully saved 2 users to money.txt
2025-03-25 19:09:15,846 - INFO - User 1151644112454439023: Balance changed from 26800 to 29800 (delta: 3000)
2025-03-25 19:09:15,847 - INFO - Successfully saved 2 users to money.txt
2025-03-25 19:09:18,571 - INFO - User 1151644112454439023: Balance changed from 29800 to 32800 (delta: 3000)
2025-03-25 19:09:18,571 - INFO - Successfully saved 2 users to money.txt
2025-03-25 19:09:24,734 - INFO - User 1151644112454439023: Balance changed from 32800 to 31800 (delta: -1000)
2025-03-25 19:09:24,734 - INFO - Successfully saved 2 users to money.txt
2025-03-25 19:09:29,247 - INFO - User 1151644112454439023: Balance changed from 31800 to 30800 (delta: -1000)
2025-03-25 19:09:29,248 - INFO - Successfully saved 2 users to money.txt
2025-03-25 19:09:33,157 - INFO - User 1151644112454439023: Balance changed from 30800 to 29800 (delta: -1000)
2025-03-25 19:09:33,157 - INFO - Successfully saved 2 users to money.txt
2025-03-25 19:09:40,319 - INFO - User 1151644112454439023: Balance changed from 29800 to 28800 (delta: -1000)
2025-03-25 19:09:40,320 - INFO - Successfully saved 2 users to money.txt
2025-03-25 19:09:43,894 - INFO - User 1151644112454439023: Balance changed from 28800 to 31800 (delta: 3000)
2025-03-25 19:09:43,895 - INFO - Successfully saved 2 users to money.txt
2025-03-25 19:10:47,960 - INFO - User 1151644112454439023: Balance changed from 31800 to 26800 (delta: -5000)
2025-03-25 19:10:47,960 - INFO - Successfully saved 2 users to money.txt
2025-03-25 19:10:47,961 - INFO - Successfully saved 2 tickets to lottery.txt
2025-03-25 19:10:54,111 - INFO - User 1151644112454439023: Balance changed from 26800 to 21800 (delta: -5000)
2025-03-25 19:10:54,111 - INFO - Successfully saved 2 users to money.txt
2025-03-25 19:10:54,112 - INFO - Successfully saved 3 tickets to lottery.txt
2025-03-25 19:11:00,488 - INFO - User 1151644112454439023: Balance changed from 21800 to 16800 (delta: -5000)
2025-03-25 19:11:00,489 - INFO - Successfully saved 2 users to money.txt
2025-03-25 19:11:00,489 - INFO - Successfully saved 4 tickets to lottery.txt
2025-03-25 19:11:05,434 - INFO - User 1151644112454439023: Balance changed from 16800 to 11800 (delta: -5000)
2025-03-25 19:11:05,435 - INFO - Successfully saved 2 users to money.txt
2025-03-25 19:11:05,435 - INFO - Successfully saved 5 tickets to lottery.txt
2025-03-25 19:11:12,233 - INFO - User 1151644112454439023: Balance changed from 11800 to 10800 (delta: -1000)
2025-03-25 19:11:12,234 - INFO - Successfully saved 2 users to money.txt
2025-03-25 19:11:15,628 - INFO - User 1151644112454439023: Balance changed from 10800 to 13800 (delta: 3000)
2025-03-25 19:11:15,628 - INFO - Successfully saved 2 users to money.txt
2025-03-25 19:11:18,652 - INFO - User 1151644112454439023: Balance changed from 13800 to 12800 (delta: -1000)
2025-03-25 19:11:18,653 - INFO - Successfully saved 2 users to money.txt
2025-03-25 19:11:24,779 - INFO - User 1151644112454439023: Balance changed from 12800 to 11800 (delta: -1000)
2025-03-25 19:11:24,779 - INFO - Successfully saved 2 users to money.txt
2025-03-25 19:11:29,529 - INFO - User 1151644112454439023: Balance changed from 11800 to 14800 (delta: 3000)
2025-03-25 19:11:29,529 - INFO - Successfully saved 2 users to money.txt
2025-03-25 19:11:32,895 - INFO - User 1151644112454439023: Balance changed from 14800 to 17800 (delta: 3000)
2025-03-25 19:11:32,895 - INFO - Successfully saved 2 users to money.txt
2025-03-25 19:11:35,994 - INFO - User 1151644112454439023: Balance changed from 17800 to 16800 (delta: -1000)
2025-03-25 19:11:35,995 - INFO - Successfully saved 2 users to money.txt
2025-03-25 19:11:38,890 - INFO - User 1151644112454439023: Balance changed from 16800 to 19800 (delta: 3000)
2025-03-25 19:11:38,891 - INFO - Successfully saved 2 users to money.txt
2025-03-25 19:11:41,745 - INFO - User 1151644112454439023: Balance changed from 19800 to 18800 (delta: -1000)
2025-03-25 19:11:41,745 - INFO - Successfully saved 2 users to money.txt
2025-03-25 19:11:45,297 - INFO - User 1151644112454439023: Balance changed from 18800 to 21800 (delta: 3000)
2025-03-25 19:11:45,298 - INFO - Successfully saved 2 users to money.txt
2025-03-25 19:11:48,427 - INFO - User 1151644112454439023: Balance changed from 21800 to 20800 (delta: -1000)
2025-03-25 19:11:48,427 - INFO - Successfully saved 2 users to money.txt
2025-03-25 19:11:51,828 - INFO - User 1151644112454439023: Balance changed from 20800 to 19800 (delta: -1000)
2025-03-25 19:11:51,829 - INFO - Successfully saved 2 users to money.txt
2025-03-25 19:11:54,989 - INFO - User 1151644112454439023: Balance changed from 19800 to 18800 (delta: -1000)
2025-03-25 19:11:54,990 - INFO - Successfully saved 2 users to money.txt
2025-03-25 19:11:58,831 - INFO - User 1151644112454439023: Balance changed from 18800 to 17800 (delta: -1000)
2025-03-25 19:11:58,831 - INFO - Successfully saved 2 users to money.txt
2025-03-25 19:12:07,461 - INFO - User 1151644112454439023: Balance changed from 17800 to 16800 (delta: -1000)
2025-03-25 19:12:07,462 - INFO - Successfully saved 2 users to money.txt
2025-03-25 19:12:12,393 - INFO - User 1151644112454439023: Balance changed from 16800 to 19800 (delta: 3000)
2025-03-25 19:12:12,393 - INFO - Successfully saved 2 users to money.txt
2025-03-25 19:12:17,543 - INFO - User 1151644112454439023: Balance changed from 19800 to 18800 (delta: -1000)
2025-03-25 19:12:17,543 - INFO - Successfully saved 2 users to money.txt
2025-03-25 19:12:22,567 - INFO - User 1151644112454439023: Balance changed from 18800 to 17800 (delta: -1000)
2025-03-25 19:12:22,567 - INFO - Successfully saved 2 users to money.txt
2025-03-25 19:12:25,825 - INFO - User 1151644112454439023: Balance changed from 17800 to 20800 (delta: 3000)
2025-03-25 19:12:25,825 - INFO - Successfully saved 2 users to money.txt
2025-03-25 19:12:56,388 - INFO - User 1151644112454439023: Balance changed from 20800 to 19800 (delta: -1000)
2025-03-25 19:12:56,388 - INFO - Successfully saved 2 users to money.txt
2025-03-25 19:12:59,695 - INFO - User 1151644112454439023: Balance changed from 19800 to 22800 (delta: 3000)
2025-03-25 19:12:59,695 - INFO - Successfully saved 2 users to money.txt
2025-03-25 19:13:03,089 - INFO - User 1151644112454439023: Balance changed from 22800 to 25800 (delta: 3000)
2025-03-25 19:13:03,090 - INFO - Successfully saved 2 users to money.txt
2025-03-25 19:13:05,422 - INFO - User 1151644112454439023: Balance changed from 25800 to 40800 (delta: 15000)
2025-03-25 19:13:05,423 - INFO - Successfully saved 2 users to money.txt
2025-03-25 19:13:31,433 - INFO - User 1151644112454439023: Balance changed from 40800 to 35800 (delta: -5000)
2025-03-25 19:13:31,434 - INFO - Successfully saved 2 users to money.txt
2025-03-25 19:13:45,207 - INFO - User 1151644112454439023: Balance changed from 35800 to 50800 (delta: 15000)
2025-03-25 19:13:45,208 - INFO - Successfully saved 2 users to money.txt
2025-03-25 19:13:47,759 - INFO - User 1151644112454439023: Balance changed from 50800 to 65800 (delta: 15000)
2025-03-25 19:13:47,759 - INFO - Successfully saved 2 users to money.txt
2025-03-25 19:13:50,481 - INFO - User 1151644112454439023: Balance changed from 65800 to 60800 (delta: -5000)
2025-03-25 19:13:50,482 - INFO - Successfully saved 2 users to money.txt
2025-03-25 19:13:53,545 - INFO - User 1151644112454439023: Balance changed from 60800 to 55800 (delta: -5000)
2025-03-25 19:13:53,546 - INFO - Successfully saved 2 users to money.txt
2025-03-25 19:13:56,606 - INFO - User 1151644112454439023: Balance changed from 55800 to 50800 (delta: -5000)
2025-03-25 19:13:56,606 - INFO - Successfully saved 2 users to money.txt
2025-03-25 19:13:59,518 - INFO - User 1151644112454439023: Balance changed from 50800 to 45800 (delta: -5000)
2025-03-25 19:13:59,519 - INFO - Successfully saved 2 users to money.txt
2025-03-25 19:14:02,678 - INFO - User 1151644112454439023: Balance changed from 45800 to 60800 (delta: 15000)
2025-03-25 19:14:02,678 - INFO - Successfully saved 2 users to money.txt
2025-03-25 19:14:05,757 - INFO - User 1151644112454439023: Balance changed from 60800 to 75800 (delta: 15000)
2025-03-25 19:14:05,757 - INFO - Successfully saved 2 users to money.txt
2025-03-25 19:14:54,350 - INFO - User 1151644112454439023: Balance changed from 75800 to 65800 (delta: -10000)
2025-03-25 19:14:54,350 - INFO - Successfully saved 2 users to money.txt
2025-03-25 19:14:57,616 - INFO - User 1151644112454439023: Balance changed from 65800 to 55800 (delta: -10000)
2025-03-25 19:14:57,617 - INFO - Successfully saved 2 users to money.txt
2025-03-25 19:15:00,650 - INFO - User 1151644112454439023: Balance changed from 55800 to 45800 (delta: -10000)
2025-03-25 19:15:00,651 - INFO - Successfully saved 2 users to money.txt
2025-03-25 19:15:03,949 - INFO - User 1151644112454439023: Balance changed from 45800 to 75800 (delta: 30000)
2025-03-25 19:15:03,950 - INFO - Successfully saved 2 users to money.txt
2025-03-25 19:15:07,742 - INFO - User 1151644112454439023: Balance changed from 75800 to 65800 (delta: -10000)
2025-03-25 19:15:07,742 - INFO - Successfully saved 2 users to money.txt
2025-03-25 19:15:10,787 - INFO - User 1151644112454439023: Balance changed from 65800 to 55800 (delta: -10000)
2025-03-25 19:15:10,787 - INFO - Successfully saved 2 users to money.txt
2025-03-25 19:15:15,430 - INFO - User 1151644112454439023: Balance changed from 55800 to 85800 (delta: 30000)
2025-03-25 19:15:15,430 - INFO - Successfully saved 2 users to money.txt
2025-03-25 19:15:19,107 - INFO - User 1151644112454439023: Balance changed from 85800 to 115800 (delta: 30000)
2025-03-25 19:15:19,108 - INFO - Successfully saved 2 users to money.txt
2025-03-25 19:15:32,756 - INFO - User 1151644112454439023: Balance changed from 115800 to 110800 (delta: -5000)
2025-03-25 19:15:32,756 - INFO - Successfully saved 2 users to money.txt
2025-03-25 19:15:32,757 - INFO - Successfully saved 6 tickets to lottery.txt
2025-03-25 19:15:35,913 - INFO - User 1151644112454439023: Balance changed from 110800 to 105800 (delta: -5000)
2025-03-25 19:15:35,913 - INFO - Successfully saved 2 users to money.txt
2025-03-25 19:15:35,914 - INFO - Successfully saved 7 tickets to lottery.txt
2025-03-25 19:15:45,602 - INFO - User 1151644112454439023: Balance changed from 105800 to 100800 (delta: -5000)
2025-03-25 19:15:45,602 - INFO - Successfully saved 2 users to money.txt
2025-03-25 19:15:45,603 - INFO - Successfully saved 8 tickets to lottery.txt
2025-03-25 19:15:48,233 - INFO - User 1151644112454439023: Balance changed from 100800 to 95800 (delta: -5000)
2025-03-25 19:15:48,234 - INFO - Successfully saved 2 users to money.txt
2025-03-25 19:15:48,234 - INFO - Successfully saved 9 tickets to lottery.txt
2025-03-25 19:15:50,585 - INFO - User 1151644112454439023: Balance changed from 95800 to 90800 (delta: -5000)
2025-03-25 19:15:50,586 - INFO - Successfully saved 2 users to money.txt
2025-03-25 19:15:50,586 - INFO - Successfully saved 10 tickets to lottery.txt
2025-03-25 19:15:52,681 - INFO - User 1151644112454439023: Balance changed from 90800 to 85800 (delta: -5000)
2025-03-25 19:15:52,682 - INFO - Successfully saved 2 users to money.txt
2025-03-25 19:15:52,682 - INFO - Successfully saved 11 tickets to lottery.txt
2025-03-25 19:15:55,396 - INFO - User 1151644112454439023: Balance changed from 85800 to 80800 (delta: -5000)
2025-03-25 19:15:55,396 - INFO - Successfully saved 2 users to money.txt
2025-03-25 19:15:55,397 - INFO - Successfully saved 12 tickets to lottery.txt
2025-03-25 19:15:57,770 - INFO - User 1151644112454439023: Balance changed from 80800 to 75800 (delta: -5000)
2025-03-25 19:15:57,770 - INFO - Successfully saved 2 users to money.txt
2025-03-25 19:15:57,771 - INFO - Successfully saved 13 tickets to lottery.txt
2025-03-25 19:16:00,314 - INFO - User 1151644112454439023: Balance changed from 75800 to 70800 (delta: -5000)
2025-03-25 19:16:00,315 - INFO - Successfully saved 2 users to money.txt
2025-03-25 19:16:00,315 - INFO - Successfully saved 14 tickets to lottery.txt
2025-03-25 19:16:02,636 - INFO - User 1151644112454439023: Balance changed from 70800 to 65800 (delta: -5000)
2025-03-25 19:16:02,637 - INFO - Successfully saved 2 users to money.txt
2025-03-25 19:16:02,637 - INFO - Successfully saved 15 tickets to lottery.txt
2025-03-25 19:16:04,755 - INFO - User 1151644112454439023: Balance changed from 65800 to 60800 (delta: -5000)
2025-03-25 19:16:04,756 - INFO - Successfully saved 2 users to money.txt
2025-03-25 19:16:04,756 - INFO - Successfully saved 16 tickets to lottery.txt
2025-03-25 19:16:07,025 - INFO - User 1151644112454439023: Balance changed from 60800 to 55800 (delta: -5000)
2025-03-25 19:16:07,025 - INFO - Successfully saved 2 users to money.txt
2025-03-25 19:16:07,026 - INFO - Successfully saved 17 tickets to lottery.txt
2025-03-25 19:16:11,601 - INFO - User 1151644112454439023: Balance changed from 55800 to 50800 (delta: -5000)
2025-03-25 19:16:11,602 - INFO - Successfully saved 2 users to money.txt
2025-03-25 19:16:11,602 - INFO - Successfully saved 18 tickets to lottery.txt
2025-03-25 19:16:14,978 - INFO - User 1151644112454439023: Balance changed from 50800 to 45800 (delta: -5000)
2025-03-25 19:16:14,978 - INFO - Successfully saved 2 users to money.txt
2025-03-25 19:16:14,979 - INFO - Successfully saved 19 tickets to lottery.txt
2025-03-25 19:16:17,379 - INFO - User 1151644112454439023: Balance changed from 45800 to 40800 (delta: -5000)
2025-03-25 19:16:17,380 - INFO - Successfully saved 2 users to money.txt
2025-03-25 19:16:17,380 - INFO - Successfully saved 20 tickets to lottery.txt
2025-03-25 19:16:19,516 - INFO - User 1151644112454439023: Balance changed from 40800 to 35800 (delta: -5000)
2025-03-25 19:16:19,517 - INFO - Successfully saved 2 users to money.txt
2025-03-25 19:16:19,517 - INFO - Successfully saved 21 tickets to lottery.txt
2025-03-25 19:16:21,698 - INFO - User 1151644112454439023: Balance changed from 35800 to 30800 (delta: -5000)
2025-03-25 19:16:21,699 - INFO - Successfully saved 2 users to money.txt
2025-03-25 19:16:21,699 - INFO - Successfully saved 22 tickets to lottery.txt
2025-03-25 19:16:23,866 - INFO - User 1151644112454439023: Balance changed from 30800 to 25800 (delta: -5000)
2025-03-25 19:16:23,867 - INFO - Successfully saved 2 users to money.txt
2025-03-25 19:16:23,867 - INFO - Successfully saved 23 tickets to lottery.txt
2025-03-25 19:16:26,010 - INFO - User 1151644112454439023: Balance changed from 25800 to 20800 (delta: -5000)
2025-03-25 19:16:26,010 - INFO - Successfully saved 2 users to money.txt
2025-03-25 19:16:26,010 - INFO - Successfully saved 24 tickets to lottery.txt
2025-03-25 19:16:28,161 - INFO - User 1151644112454439023: Balance changed from 20800 to 15800 (delta: -5000)
2025-03-25 19:16:28,162 - INFO - Successfully saved 2 users to money.txt
2025-03-25 19:16:28,162 - INFO - Successfully saved 25 tickets to lottery.txt
2025-03-25 19:16:30,381 - INFO - User 1151644112454439023: Balance changed from 15800 to 10800 (delta: -5000)
2025-03-25 19:16:30,381 - INFO - Successfully saved 2 users to money.txt
2025-03-25 19:16:30,382 - INFO - Successfully saved 26 tickets to lottery.txt
2025-03-25 19:16:46,610 - INFO - User 1151644112454439023: Balance changed from 10800 to 9800 (delta: -1000)
2025-03-25 19:16:46,610 - INFO - Successfully saved 2 users to money.txt
2025-03-25 19:16:49,458 - INFO - User 1151644112454439023: Balance changed from 9800 to 8800 (delta: -1000)
2025-03-25 19:16:49,458 - INFO - Successfully saved 2 users to money.txt
2025-03-25 19:16:52,692 - INFO - User 1151644112454439023: Balance changed from 8800 to 7800 (delta: -1000)
2025-03-25 19:16:52,692 - INFO - Successfully saved 2 users to money.txt
2025-03-25 19:16:55,657 - INFO - User 1151644112454439023: Balance changed from 7800 to 6800 (delta: -1000)
2025-03-25 19:16:55,658 - INFO - Successfully saved 2 users to money.txt
2025-03-25 19:16:58,756 - INFO - User 1151644112454439023: Balance changed from 6800 to 9800 (delta: 3000)
2025-03-25 19:16:58,756 - INFO - Successfully saved 2 users to money.txt
2025-03-25 19:17:01,754 - INFO - User 1151644112454439023: Balance changed from 9800 to 8800 (delta: -1000)
2025-03-25 19:17:01,755 - INFO - Successfully saved 2 users to money.txt
2025-03-25 19:17:04,590 - INFO - User 1151644112454439023: Balance changed from 8800 to 11800 (delta: 3000)
2025-03-25 19:17:04,590 - INFO - Successfully saved 2 users to money.txt
2025-03-25 19:17:07,935 - INFO - User 1151644112454439023: Balance changed from 11800 to 14800 (delta: 3000)
2025-03-25 19:17:07,935 - INFO - Successfully saved 2 users to money.txt
2025-03-25 19:17:10,820 - INFO - User 1151644112454439023: Balance changed from 14800 to 17800 (delta: 3000)
2025-03-25 19:17:10,821 - INFO - Successfully saved 2 users to money.txt
2025-03-25 19:17:15,829 - INFO - User 1151644112454439023: Balance changed from 17800 to 16800 (delta: -1000)
2025-03-25 19:17:15,829 - INFO - Successfully saved 2 users to money.txt
2025-03-25 19:17:18,955 - INFO - User 1151644112454439023: Balance changed from 16800 to 15800 (delta: -1000)
2025-03-25 19:17:18,956 - INFO - Successfully saved 2 users to money.txt
2025-03-25 19:17:22,305 - INFO - User 1151644112454439023: Balance changed from 15800 to 14800 (delta: -1000)
2025-03-25 19:17:22,306 - INFO - Successfully saved 2 users to money.txt
2025-03-25 19:17:29,790 - INFO - User 1151644112454439023: Balance changed from 14800 to 17800 (delta: 3000)
2025-03-25 19:17:29,791 - INFO - Successfully saved 2 users to money.txt
2025-03-25 19:17:38,796 - INFO - User 1151644112454439023: Balance changed from 17800 to 16800 (delta: -1000)
2025-03-25 19:17:38,796 - INFO - Successfully saved 2 users to money.txt
2025-03-25 19:17:42,268 - INFO - User 1151644112454439023: Balance changed from 16800 to 15800 (delta: -1000)
2025-03-25 19:17:42,269 - INFO - Successfully saved 2 users to money.txt
2025-03-25 19:17:45,011 - INFO - User 1151644112454439023: Balance changed from 15800 to 14800 (delta: -1000)
2025-03-25 19:17:45,011 - INFO - Successfully saved 2 users to money.txt
2025-03-25 19:17:48,499 - INFO - User 1151644112454439023: Balance changed from 14800 to 13800 (delta: -1000)
2025-03-25 19:17:48,499 - INFO - Successfully saved 2 users to money.txt
2025-03-25 19:17:51,318 - INFO - User 1151644112454439023: Balance changed from 13800 to 12800 (delta: -1000)
2025-03-25 19:17:51,319 - INFO - Successfully saved 2 users to money.txt
2025-03-25 19:17:54,616 - INFO - User 1151644112454439023: Balance changed from 12800 to 11800 (delta: -1000)
2025-03-25 19:17:54,617 - INFO - Successfully saved 2 users to money.txt
2025-03-25 19:17:58,096 - INFO - User 1151644112454439023: Balance changed from 11800 to 14800 (delta: 3000)
2025-03-25 19:17:58,097 - INFO - Successfully saved 2 users to money.txt
2025-03-25 19:18:01,834 - INFO - User 1151644112454439023: Balance changed from 14800 to 17800 (delta: 3000)
2025-03-25 19:18:01,834 - INFO - Successfully saved 2 users to money.txt
2025-03-25 19:18:06,205 - INFO - User 1151644112454439023: Balance changed from 17800 to 20800 (delta: 3000)
2025-03-25 19:18:06,206 - INFO - Successfully saved 2 users to money.txt
2025-03-25 19:18:10,170 - INFO - User 1151644112454439023: Balance changed from 20800 to 19800 (delta: -1000)
2025-03-25 19:18:10,171 - INFO - Successfully saved 2 users to money.txt
2025-03-25 19:18:13,311 - INFO - User 1151644112454439023: Balance changed from 19800 to 18800 (delta: -1000)
2025-03-25 19:18:13,311 - INFO - Successfully saved 2 users to money.txt
2025-03-25 19:18:16,614 - INFO - User 1151644112454439023: Balance changed from 18800 to 21800 (delta: 3000)
2025-03-25 19:18:16,614 - INFO - Successfully saved 2 users to money.txt
2025-03-25 19:18:36,803 - INFO - User 1151644112454439023: Balance changed from 21800 to 33800 (delta: 12000)
2025-03-25 19:18:36,804 - INFO - Successfully saved 2 users to money.txt
2025-03-25 19:18:39,377 - INFO - User 1151644112454439023: Balance changed from 33800 to 45800 (delta: 12000)
2025-03-25 19:18:39,378 - INFO - Successfully saved 2 users to money.txt
2025-03-25 19:18:41,342 - INFO - User 1151644112454439023: Balance changed from 45800 to 41800 (delta: -4000)
2025-03-25 19:18:41,342 - INFO - Successfully saved 2 users to money.txt
2025-03-25 19:18:43,615 - INFO - User 1151644112454439023: Balance changed from 41800 to 53800 (delta: 12000)
2025-03-25 19:18:43,616 - INFO - Successfully saved 2 users to money.txt
2025-03-25 19:18:46,567 - INFO - User 1151644112454439023: Balance changed from 53800 to 49800 (delta: -4000)
2025-03-25 19:18:46,568 - INFO - Successfully saved 2 users to money.txt
2025-03-25 19:18:49,378 - INFO - User 1151644112454439023: Balance changed from 49800 to 45800 (delta: -4000)
2025-03-25 19:18:49,378 - INFO - Successfully saved 2 users to money.txt
2025-03-25 19:18:52,697 - INFO - User 1151644112454439023: Balance changed from 45800 to 57800 (delta: 12000)
2025-03-25 19:18:52,697 - INFO - Successfully saved 2 users to money.txt
2025-03-25 19:19:07,883 - INFO - User 1151644112454439023: Balance changed from 57800 to 87800 (delta: 30000)
2025-03-25 19:19:07,883 - INFO - Successfully saved 2 users to money.txt
2025-03-25 19:19:11,047 - INFO - User 1151644112454439023: Balance changed from 87800 to 117800 (delta: 30000)
2025-03-25 19:19:11,047 - INFO - Successfully saved 2 users to money.txt
2025-03-25 19:19:17,199 - INFO - User 1151644112454439023: Balance changed from 117800 to 107800 (delta: -10000)
2025-03-25 19:19:17,199 - INFO - Successfully saved 2 users to money.txt
2025-03-25 19:19:18,790 - INFO - User 1151644112454439023: Balance changed from 107800 to 97800 (delta: -10000)
2025-03-25 19:19:18,791 - INFO - Successfully saved 2 users to money.txt
2025-03-25 19:19:21,219 - INFO - User 1151644112454439023: Balance changed from 97800 to 87800 (delta: -10000)
2025-03-25 19:19:21,219 - INFO - Successfully saved 2 users to money.txt
2025-03-25 19:19:24,134 - INFO - User 1151644112454439023: Balance changed from 87800 to 77800 (delta: -10000)
2025-03-25 19:19:24,135 - INFO - Successfully saved 2 users to money.txt
2025-03-25 19:19:27,005 - INFO - User 1151644112454439023: Balance changed from 77800 to 107800 (delta: 30000)
2025-03-25 19:19:27,006 - INFO - Successfully saved 2 users to money.txt
2025-03-25 19:19:30,885 - INFO - User 1151644112454439023: Balance changed from 107800 to 97800 (delta: -10000)
2025-03-25 19:19:30,885 - INFO - Successfully saved 2 users to money.txt
2025-03-25 19:21:04,577 - INFO - User 1151644112454439023: Balance changed from 97800 to 127800 (delta: 30000)
2025-03-25 19:21:04,578 - INFO - Successfully saved 2 users to money.txt
2025-03-25 19:21:10,323 - INFO - User 1151644112454439023: Balance changed from 127800 to 157800 (delta: 30000)
2025-03-25 19:21:10,324 - INFO - Successfully saved 2 users to money.txt
2025-03-25 19:23:43,952 - ERROR - Error loading tickets: [WinError 3] The system cannot find the path specified: ''
2025-03-25 19:23:43,953 - ERROR - Error loading users: [WinError 3] The system cannot find the path specified: ''
2025-03-25 19:23:43,954 - INFO - logging in using static token
2025-03-25 19:23:45,874 - INFO - Shard ID None has connected to Gateway (Session ID: f0b19876bd9326ba7a29488510fac376).
2025-03-25 19:24:43,450 - INFO - Added new user 701932525551091743 with default balance 200
2025-03-25 19:24:43,451 - INFO - Successfully saved 1 users to money.txt
2025-03-25 19:27:06,421 - INFO - Added new user 1151644112454439023 with default balance 200
2025-03-25 19:27:06,421 - INFO - Successfully saved 2 users to money.txt
2025-03-25 19:30:46,602 - INFO - User 1151644112454439023: Balance changed from 200 to 199 (delta: -1)
2025-03-25 19:30:46,602 - INFO - Successfully saved 2 users to money.txt
2025-03-25 19:34:28,448 - ERROR - Error loading tickets: [WinError 3] The system cannot find the path specified: ''
2025-03-25 19:34:28,448 - ERROR - Error loading users: [WinError 3] The system cannot find the path specified: ''
2025-03-25 19:34:28,449 - INFO - logging in using static token
2025-03-25 19:34:29,951 - INFO - Shard ID None has connected to Gateway (Session ID: 50eb23c973fdfe97ca7766936428c656).
2025-03-25 19:34:34,219 - ERROR - Attempting a reconnect in 1.06s
Traceback (most recent call last):
  File "C:\Users\owenc\AppData\Roaming\Python\Python312\site-packages\aiohttp\connector.py", line 1362, in _create_direct_connection
    hosts = await self._resolve_host(host, port, traces=traces)
            ^^^^^^^^^^^^^^^^^^^^^^^^^^^^^^^^^^^^^^^^^^^^^^^^^^^
  File "C:\Users\owenc\AppData\Roaming\Python\Python312\site-packages\aiohttp\connector.py", line 995, in _resolve_host
    return await asyncio.shield(resolved_host_task)
           ^^^^^^^^^^^^^^^^^^^^^^^^^^^^^^^^^^^^^^^^
  File "C:\Users\owenc\AppData\Roaming\Python\Python312\site-packages\aiohttp\connector.py", line 1026, in _resolve_host_with_throttle
    addrs = await self._resolver.resolve(host, port, family=self._family)
            ^^^^^^^^^^^^^^^^^^^^^^^^^^^^^^^^^^^^^^^^^^^^^^^^^^^^^^^^^^^^^
  File "C:\Users\owenc\AppData\Roaming\Python\Python312\site-packages\aiohttp\resolver.py", line 36, in resolve
    infos = await self._loop.getaddrinfo(
            ^^^^^^^^^^^^^^^^^^^^^^^^^^^^^
  File "C:\Python312\Lib\asyncio\base_events.py", line 901, in getaddrinfo
    return await self.run_in_executor(
           ^^^^^^^^^^^^^^^^^^^^^^^^^^^
  File "C:\Python312\Lib\concurrent\futures\thread.py", line 58, in run
    result = self.fn(*self.args, **self.kwargs)
             ^^^^^^^^^^^^^^^^^^^^^^^^^^^^^^^^^^
  File "C:\Python312\Lib\socket.py", line 976, in getaddrinfo
    for res in _socket.getaddrinfo(host, port, family, type, proto, flags):
               ^^^^^^^^^^^^^^^^^^^^^^^^^^^^^^^^^^^^^^^^^^^^^^^^^^^^^^^^^^^
socket.gaierror: [Errno 11001] getaddrinfo failed

The above exception was the direct cause of the following exception:

Traceback (most recent call last):
  File "C:\Users\owenc\AppData\Roaming\Python\Python312\site-packages\discord\client.py", line 701, in connect
    self.ws = await asyncio.wait_for(coro, timeout=60.0)
              ^^^^^^^^^^^^^^^^^^^^^^^^^^^^^^^^^^^^^^^^^^
  File "C:\Python312\Lib\asyncio\tasks.py", line 520, in wait_for
    return await fut
           ^^^^^^^^^
  File "C:\Users\owenc\AppData\Roaming\Python\Python312\site-packages\discord\gateway.py", line 375, in from_client
    socket = await client.http.ws_connect(str(url))
             ^^^^^^^^^^^^^^^^^^^^^^^^^^^^^^^^^^^^^^
  File "C:\Users\owenc\AppData\Roaming\Python\Python312\site-packages\discord\http.py", line 554, in ws_connect
    return await self.__session.ws_connect(url, **kwargs)
           ^^^^^^^^^^^^^^^^^^^^^^^^^^^^^^^^^^^^^^^^^^^^^^
  File "C:\Users\owenc\AppData\Roaming\Python\Python312\site-packages\aiohttp\client.py", line 1004, in _ws_connect
    resp = await self.request(
           ^^^^^^^^^^^^^^^^^^^
  File "C:\Users\owenc\AppData\Roaming\Python\Python312\site-packages\aiohttp\client.py", line 703, in _request
    conn = await self._connector.connect(
           ^^^^^^^^^^^^^^^^^^^^^^^^^^^^^^
  File "C:\Users\owenc\AppData\Roaming\Python\Python312\site-packages\aiohttp\connector.py", line 548, in connect
    proto = await self._create_connection(req, traces, timeout)
            ^^^^^^^^^^^^^^^^^^^^^^^^^^^^^^^^^^^^^^^^^^^^^^^^^^^
  File "C:\Users\owenc\AppData\Roaming\Python\Python312\site-packages\aiohttp\connector.py", line 1056, in _create_connection
    _, proto = await self._create_direct_connection(req, traces, timeout)
               ^^^^^^^^^^^^^^^^^^^^^^^^^^^^^^^^^^^^^^^^^^^^^^^^^^^^^^^^^^
  File "C:\Users\owenc\AppData\Roaming\Python\Python312\site-packages\aiohttp\connector.py", line 1368, in _create_direct_connection
    raise ClientConnectorDNSError(req.connection_key, exc) from exc
aiohttp.client_exceptions.ClientConnectorDNSError: Cannot connect to host gateway-us-east1-b.discord.gg:443 ssl:default [getaddrinfo failed]
2025-03-25 19:34:35,295 - ERROR - Attempting a reconnect in 0.33s
Traceback (most recent call last):
  File "C:\Users\owenc\AppData\Roaming\Python\Python312\site-packages\aiohttp\connector.py", line 1362, in _create_direct_connection
    hosts = await self._resolve_host(host, port, traces=traces)
            ^^^^^^^^^^^^^^^^^^^^^^^^^^^^^^^^^^^^^^^^^^^^^^^^^^^
  File "C:\Users\owenc\AppData\Roaming\Python\Python312\site-packages\aiohttp\connector.py", line 995, in _resolve_host
    return await asyncio.shield(resolved_host_task)
           ^^^^^^^^^^^^^^^^^^^^^^^^^^^^^^^^^^^^^^^^
  File "C:\Users\owenc\AppData\Roaming\Python\Python312\site-packages\aiohttp\connector.py", line 1026, in _resolve_host_with_throttle
    addrs = await self._resolver.resolve(host, port, family=self._family)
            ^^^^^^^^^^^^^^^^^^^^^^^^^^^^^^^^^^^^^^^^^^^^^^^^^^^^^^^^^^^^^
  File "C:\Users\owenc\AppData\Roaming\Python\Python312\site-packages\aiohttp\resolver.py", line 36, in resolve
    infos = await self._loop.getaddrinfo(
            ^^^^^^^^^^^^^^^^^^^^^^^^^^^^^
  File "C:\Python312\Lib\asyncio\base_events.py", line 901, in getaddrinfo
    return await self.run_in_executor(
           ^^^^^^^^^^^^^^^^^^^^^^^^^^^
  File "C:\Python312\Lib\concurrent\futures\thread.py", line 58, in run
    result = self.fn(*self.args, **self.kwargs)
             ^^^^^^^^^^^^^^^^^^^^^^^^^^^^^^^^^^
  File "C:\Python312\Lib\socket.py", line 976, in getaddrinfo
    for res in _socket.getaddrinfo(host, port, family, type, proto, flags):
               ^^^^^^^^^^^^^^^^^^^^^^^^^^^^^^^^^^^^^^^^^^^^^^^^^^^^^^^^^^^
socket.gaierror: [Errno 11001] getaddrinfo failed

The above exception was the direct cause of the following exception:

Traceback (most recent call last):
  File "C:\Users\owenc\AppData\Roaming\Python\Python312\site-packages\discord\client.py", line 701, in connect
    self.ws = await asyncio.wait_for(coro, timeout=60.0)
              ^^^^^^^^^^^^^^^^^^^^^^^^^^^^^^^^^^^^^^^^^^
  File "C:\Python312\Lib\asyncio\tasks.py", line 520, in wait_for
    return await fut
           ^^^^^^^^^
  File "C:\Users\owenc\AppData\Roaming\Python\Python312\site-packages\discord\gateway.py", line 375, in from_client
    socket = await client.http.ws_connect(str(url))
             ^^^^^^^^^^^^^^^^^^^^^^^^^^^^^^^^^^^^^^
  File "C:\Users\owenc\AppData\Roaming\Python\Python312\site-packages\discord\http.py", line 554, in ws_connect
    return await self.__session.ws_connect(url, **kwargs)
           ^^^^^^^^^^^^^^^^^^^^^^^^^^^^^^^^^^^^^^^^^^^^^^
  File "C:\Users\owenc\AppData\Roaming\Python\Python312\site-packages\aiohttp\client.py", line 1004, in _ws_connect
    resp = await self.request(
           ^^^^^^^^^^^^^^^^^^^
  File "C:\Users\owenc\AppData\Roaming\Python\Python312\site-packages\aiohttp\client.py", line 703, in _request
    conn = await self._connector.connect(
           ^^^^^^^^^^^^^^^^^^^^^^^^^^^^^^
  File "C:\Users\owenc\AppData\Roaming\Python\Python312\site-packages\aiohttp\connector.py", line 548, in connect
    proto = await self._create_connection(req, traces, timeout)
            ^^^^^^^^^^^^^^^^^^^^^^^^^^^^^^^^^^^^^^^^^^^^^^^^^^^
  File "C:\Users\owenc\AppData\Roaming\Python\Python312\site-packages\aiohttp\connector.py", line 1056, in _create_connection
    _, proto = await self._create_direct_connection(req, traces, timeout)
               ^^^^^^^^^^^^^^^^^^^^^^^^^^^^^^^^^^^^^^^^^^^^^^^^^^^^^^^^^^
  File "C:\Users\owenc\AppData\Roaming\Python\Python312\site-packages\aiohttp\connector.py", line 1368, in _create_direct_connection
    raise ClientConnectorDNSError(req.connection_key, exc) from exc
aiohttp.client_exceptions.ClientConnectorDNSError: Cannot connect to host gateway-us-east1-b.discord.gg:443 ssl:default [getaddrinfo failed]
2025-03-25 19:34:35,630 - ERROR - Attempting a reconnect in 6.00s
Traceback (most recent call last):
  File "C:\Users\owenc\AppData\Roaming\Python\Python312\site-packages\aiohttp\connector.py", line 1362, in _create_direct_connection
    hosts = await self._resolve_host(host, port, traces=traces)
            ^^^^^^^^^^^^^^^^^^^^^^^^^^^^^^^^^^^^^^^^^^^^^^^^^^^
  File "C:\Users\owenc\AppData\Roaming\Python\Python312\site-packages\aiohttp\connector.py", line 995, in _resolve_host
    return await asyncio.shield(resolved_host_task)
           ^^^^^^^^^^^^^^^^^^^^^^^^^^^^^^^^^^^^^^^^
  File "C:\Users\owenc\AppData\Roaming\Python\Python312\site-packages\aiohttp\connector.py", line 1026, in _resolve_host_with_throttle
    addrs = await self._resolver.resolve(host, port, family=self._family)
            ^^^^^^^^^^^^^^^^^^^^^^^^^^^^^^^^^^^^^^^^^^^^^^^^^^^^^^^^^^^^^
  File "C:\Users\owenc\AppData\Roaming\Python\Python312\site-packages\aiohttp\resolver.py", line 36, in resolve
    infos = await self._loop.getaddrinfo(
            ^^^^^^^^^^^^^^^^^^^^^^^^^^^^^
  File "C:\Python312\Lib\asyncio\base_events.py", line 901, in getaddrinfo
    return await self.run_in_executor(
           ^^^^^^^^^^^^^^^^^^^^^^^^^^^
  File "C:\Python312\Lib\concurrent\futures\thread.py", line 58, in run
    result = self.fn(*self.args, **self.kwargs)
             ^^^^^^^^^^^^^^^^^^^^^^^^^^^^^^^^^^
  File "C:\Python312\Lib\socket.py", line 976, in getaddrinfo
    for res in _socket.getaddrinfo(host, port, family, type, proto, flags):
               ^^^^^^^^^^^^^^^^^^^^^^^^^^^^^^^^^^^^^^^^^^^^^^^^^^^^^^^^^^^
socket.gaierror: [Errno 11001] getaddrinfo failed

The above exception was the direct cause of the following exception:

Traceback (most recent call last):
  File "C:\Users\owenc\AppData\Roaming\Python\Python312\site-packages\discord\client.py", line 701, in connect
    self.ws = await asyncio.wait_for(coro, timeout=60.0)
              ^^^^^^^^^^^^^^^^^^^^^^^^^^^^^^^^^^^^^^^^^^
  File "C:\Python312\Lib\asyncio\tasks.py", line 520, in wait_for
    return await fut
           ^^^^^^^^^
  File "C:\Users\owenc\AppData\Roaming\Python\Python312\site-packages\discord\gateway.py", line 375, in from_client
    socket = await client.http.ws_connect(str(url))
             ^^^^^^^^^^^^^^^^^^^^^^^^^^^^^^^^^^^^^^
  File "C:\Users\owenc\AppData\Roaming\Python\Python312\site-packages\discord\http.py", line 554, in ws_connect
    return await self.__session.ws_connect(url, **kwargs)
           ^^^^^^^^^^^^^^^^^^^^^^^^^^^^^^^^^^^^^^^^^^^^^^
  File "C:\Users\owenc\AppData\Roaming\Python\Python312\site-packages\aiohttp\client.py", line 1004, in _ws_connect
    resp = await self.request(
           ^^^^^^^^^^^^^^^^^^^
  File "C:\Users\owenc\AppData\Roaming\Python\Python312\site-packages\aiohttp\client.py", line 703, in _request
    conn = await self._connector.connect(
           ^^^^^^^^^^^^^^^^^^^^^^^^^^^^^^
  File "C:\Users\owenc\AppData\Roaming\Python\Python312\site-packages\aiohttp\connector.py", line 548, in connect
    proto = await self._create_connection(req, traces, timeout)
            ^^^^^^^^^^^^^^^^^^^^^^^^^^^^^^^^^^^^^^^^^^^^^^^^^^^
  File "C:\Users\owenc\AppData\Roaming\Python\Python312\site-packages\aiohttp\connector.py", line 1056, in _create_connection
    _, proto = await self._create_direct_connection(req, traces, timeout)
               ^^^^^^^^^^^^^^^^^^^^^^^^^^^^^^^^^^^^^^^^^^^^^^^^^^^^^^^^^^
  File "C:\Users\owenc\AppData\Roaming\Python\Python312\site-packages\aiohttp\connector.py", line 1368, in _create_direct_connection
    raise ClientConnectorDNSError(req.connection_key, exc) from exc
aiohttp.client_exceptions.ClientConnectorDNSError: Cannot connect to host gateway-us-east1-b.discord.gg:443 ssl:default [getaddrinfo failed]
2025-03-25 19:34:42,158 - INFO - Shard ID None has successfully RESUMED session 50eb23c973fdfe97ca7766936428c656.
2025-03-25 19:35:28,756 - ERROR - Error loading tickets: [WinError 3] The system cannot find the path specified: ''
2025-03-25 19:35:28,756 - ERROR - Error loading users: [WinError 3] The system cannot find the path specified: ''
2025-03-25 19:35:28,757 - INFO - logging in using static token
2025-03-25 19:35:29,753 - INFO - Shard ID None has connected to Gateway (Session ID: 7ddae866b686956b1c16dbb1a20c96b2).
2025-03-25 19:36:16,044 - WARNING - No tickets in the lottery
2025-03-25 19:36:16,368 - ERROR - Ignoring exception in command 'runlottery'
Traceback (most recent call last):
  File "C:\Users\owenc\AppData\Roaming\Python\Python312\site-packages\discord\app_commands\commands.py", line 858, in _do_call
    return await self._callback(interaction, **params)  # type: ignore
           ^^^^^^^^^^^^^^^^^^^^^^^^^^^^^^^^^^^^^^^^^^^
  File "C:\Users\owenc\python\fuhrer\bot.py", line 380, in runlottery
    member = await guild.fetch_member(picked)
             ^^^^^^^^^^^^^^^^^^^^^^^^^^^^^^^^
  File "C:\Users\owenc\AppData\Roaming\Python\Python312\site-packages\discord\guild.py", line 2529, in fetch_member
    data = await self._state.http.get_member(self.id, member_id)
           ^^^^^^^^^^^^^^^^^^^^^^^^^^^^^^^^^^^^^^^^^^^^^^^^^^^^^
  File "C:\Users\owenc\AppData\Roaming\Python\Python312\site-packages\discord\http.py", line 762, in request
    raise HTTPException(response, data)
discord.errors.HTTPException: 400 Bad Request (error code: 50035): Invalid Form Body
In user_id: Value "None" is not snowflake.

The above exception was the direct cause of the following exception:

Traceback (most recent call last):
  File "C:\Users\owenc\AppData\Roaming\Python\Python312\site-packages\discord\app_commands\tree.py", line 1310, in _call
    await command._invoke_with_namespace(interaction, namespace)
  File "C:\Users\owenc\AppData\Roaming\Python\Python312\site-packages\discord\app_commands\commands.py", line 883, in _invoke_with_namespace
    return await self._do_call(interaction, transformed_values)
           ^^^^^^^^^^^^^^^^^^^^^^^^^^^^^^^^^^^^^^^^^^^^^^^^^^^^
  File "C:\Users\owenc\AppData\Roaming\Python\Python312\site-packages\discord\app_commands\commands.py", line 876, in _do_call
    raise CommandInvokeError(self, e) from e
discord.app_commands.errors.CommandInvokeError: Command 'runlottery' raised an exception: HTTPException: 400 Bad Request (error code: 50035): Invalid Form Body
In user_id: Value "None" is not snowflake.
2025-03-25 19:41:12,788 - ERROR - Error loading tickets: [WinError 3] The system cannot find the path specified: ''
2025-03-25 19:41:12,788 - ERROR - Error loading users: [WinError 3] The system cannot find the path specified: ''
2025-03-25 19:41:12,790 - INFO - logging in using static token
2025-03-25 19:41:13,795 - INFO - Shard ID None has connected to Gateway (Session ID: 0fab2dc71e2d9317a654cbd7e42b5a51).
2025-03-25 19:47:43,075 - WARNING - No tickets in the lottery
2025-03-25 19:48:01,488 - INFO - Added new user 701932525551091743 with default balance 200
2025-03-25 19:48:01,489 - INFO - Successfully saved 1 users to money.txt
2025-03-25 19:50:36,524 - INFO - Added new user 729158162279563275 with default balance 200
2025-03-25 19:50:36,524 - INFO - Successfully saved 2 users to money.txt
2025-03-25 19:50:36,823 - INFO - User 729158162279563275: Balance changed from 200 to 200 (delta: -200)
2025-03-25 19:50:36,824 - INFO - Successfully saved 2 users to money.txt
2025-03-25 19:51:33,525 - ERROR - Error loading tickets: [WinError 3] The system cannot find the path specified: ''
2025-03-25 19:51:33,525 - ERROR - Error loading users: [WinError 3] The system cannot find the path specified: ''
2025-03-25 19:51:33,526 - INFO - logging in using static token
2025-03-25 19:51:34,502 - INFO - Shard ID None has connected to Gateway (Session ID: 89cbd79426a29a2b66865f5ec034af85).
2025-03-25 19:54:09,963 - INFO - Added new user 1151644112454439023 with default balance 200
2025-03-25 19:54:09,964 - INFO - Successfully saved 1 users to money.txt
2025-03-25 19:54:09,964 - INFO - User 1151644112454439023: Balance changed from 200 to 290 (delta: 90)
2025-03-25 19:54:09,964 - INFO - Successfully saved 1 users to money.txt
2025-03-25 19:54:12,785 - INFO - User 1151644112454439023: Balance changed from 290 to 260 (delta: -30)
2025-03-25 19:54:12,785 - INFO - Successfully saved 1 users to money.txt
2025-03-25 19:54:15,414 - INFO - User 1151644112454439023: Balance changed from 260 to 230 (delta: -30)
2025-03-25 19:54:15,415 - INFO - Successfully saved 1 users to money.txt
2025-03-25 19:54:18,170 - INFO - User 1151644112454439023: Balance changed from 230 to 200 (delta: -30)
2025-03-25 19:54:18,171 - INFO - Successfully saved 1 users to money.txt
2025-03-25 19:54:21,896 - INFO - User 1151644112454439023: Balance changed from 200 to 290 (delta: 90)
2025-03-25 19:54:21,897 - INFO - Successfully saved 1 users to money.txt
2025-03-25 19:54:24,967 - INFO - User 1151644112454439023: Balance changed from 290 to 260 (delta: -30)
2025-03-25 19:54:24,967 - INFO - Successfully saved 1 users to money.txt
2025-03-25 19:54:28,075 - INFO - User 1151644112454439023: Balance changed from 260 to 350 (delta: 90)
2025-03-25 19:54:28,076 - INFO - Successfully saved 1 users to money.txt
2025-03-25 19:54:31,114 - INFO - User 1151644112454439023: Balance changed from 350 to 320 (delta: -30)
2025-03-25 19:54:31,114 - INFO - Successfully saved 1 users to money.txt
2025-03-25 19:54:34,084 - INFO - User 1151644112454439023: Balance changed from 320 to 410 (delta: 90)
2025-03-25 19:54:34,084 - INFO - Successfully saved 1 users to money.txt
2025-03-25 19:54:45,613 - INFO - User 1151644112454439023: Balance changed from 410 to 560 (delta: 150)
2025-03-25 19:54:45,614 - INFO - Successfully saved 1 users to money.txt
2025-03-25 19:54:49,739 - INFO - User 1151644112454439023: Balance changed from 560 to 510 (delta: -50)
2025-03-25 19:54:49,739 - INFO - Successfully saved 1 users to money.txt
2025-03-25 19:54:52,755 - INFO - User 1151644112454439023: Balance changed from 510 to 460 (delta: -50)
2025-03-25 19:54:52,755 - INFO - Successfully saved 1 users to money.txt
2025-03-25 19:54:55,881 - INFO - User 1151644112454439023: Balance changed from 460 to 410 (delta: -50)
2025-03-25 19:54:55,882 - INFO - Successfully saved 1 users to money.txt
2025-03-25 19:54:58,949 - INFO - User 1151644112454439023: Balance changed from 410 to 560 (delta: 150)
2025-03-25 19:54:58,949 - INFO - Successfully saved 1 users to money.txt
2025-03-25 19:55:02,119 - INFO - User 1151644112454439023: Balance changed from 560 to 510 (delta: -50)
2025-03-25 19:55:02,119 - INFO - Successfully saved 1 users to money.txt
2025-03-25 19:55:05,030 - INFO - User 1151644112454439023: Balance changed from 510 to 460 (delta: -50)
2025-03-25 19:55:05,030 - INFO - Successfully saved 1 users to money.txt
2025-03-25 19:55:08,041 - INFO - User 1151644112454439023: Balance changed from 460 to 610 (delta: 150)
2025-03-25 19:55:08,042 - INFO - Successfully saved 1 users to money.txt
2025-03-25 19:55:11,346 - INFO - User 1151644112454439023: Balance changed from 610 to 560 (delta: -50)
2025-03-25 19:55:11,347 - INFO - Successfully saved 1 users to money.txt
2025-03-25 19:55:14,782 - INFO - User 1151644112454439023: Balance changed from 560 to 710 (delta: 150)
2025-03-25 19:55:14,783 - INFO - Successfully saved 1 users to money.txt
2025-03-25 19:55:17,620 - INFO - User 1151644112454439023: Balance changed from 710 to 860 (delta: 150)
2025-03-25 19:55:17,621 - INFO - Successfully saved 1 users to money.txt
2025-03-25 19:55:26,037 - INFO - User 1151644112454439023: Balance changed from 860 to 760 (delta: -100)
2025-03-25 19:55:26,038 - INFO - Successfully saved 1 users to money.txt
2025-03-25 19:55:29,749 - INFO - User 1151644112454439023: Balance changed from 760 to 710 (delta: -50)
2025-03-25 19:55:29,750 - INFO - Successfully saved 1 users to money.txt
2025-03-25 19:55:42,035 - INFO - User 1151644112454439023: Balance changed from 710 to 610 (delta: -100)
2025-03-25 19:55:42,035 - INFO - Successfully saved 1 users to money.txt
2025-03-25 19:55:45,360 - INFO - User 1151644112454439023: Balance changed from 610 to 510 (delta: -100)
2025-03-25 19:55:45,361 - INFO - Successfully saved 1 users to money.txt
2025-03-25 19:55:48,403 - INFO - User 1151644112454439023: Balance changed from 510 to 410 (delta: -100)
2025-03-25 19:55:48,404 - INFO - Successfully saved 1 users to money.txt
2025-03-25 19:55:51,546 - INFO - User 1151644112454439023: Balance changed from 410 to 710 (delta: 300)
2025-03-25 19:55:51,546 - INFO - Successfully saved 1 users to money.txt
2025-03-25 19:55:54,856 - INFO - User 1151644112454439023: Balance changed from 710 to 1010 (delta: 300)
2025-03-25 19:55:54,857 - INFO - Successfully saved 1 users to money.txt
2025-03-25 19:55:57,801 - INFO - User 1151644112454439023: Balance changed from 1010 to 1310 (delta: 300)
2025-03-25 19:55:57,802 - INFO - Successfully saved 1 users to money.txt
2025-03-25 19:56:00,946 - INFO - User 1151644112454439023: Balance changed from 1310 to 1610 (delta: 300)
2025-03-25 19:56:00,946 - INFO - Successfully saved 1 users to money.txt
2025-03-25 19:56:04,605 - INFO - User 1151644112454439023: Balance changed from 1610 to 1910 (delta: 300)
2025-03-25 19:56:04,605 - INFO - Successfully saved 1 users to money.txt
2025-03-25 19:56:08,851 - INFO - User 1151644112454439023: Balance changed from 1910 to 1810 (delta: -100)
2025-03-25 19:56:08,852 - INFO - Successfully saved 1 users to money.txt
2025-03-25 19:56:14,565 - INFO - User 1151644112454439023: Balance changed from 1810 to 1710 (delta: -100)
2025-03-25 19:56:14,566 - INFO - Successfully saved 1 users to money.txt
2025-03-25 19:56:20,419 - INFO - User 1151644112454439023: Balance changed from 1710 to 1610 (delta: -100)
2025-03-25 19:56:20,420 - INFO - Successfully saved 1 users to money.txt
2025-03-25 19:56:23,679 - INFO - User 1151644112454439023: Balance changed from 1610 to 1510 (delta: -100)
2025-03-25 19:56:23,679 - INFO - Successfully saved 1 users to money.txt
2025-03-25 19:56:26,910 - INFO - User 1151644112454439023: Balance changed from 1510 to 1410 (delta: -100)
2025-03-25 19:56:26,910 - INFO - Successfully saved 1 users to money.txt
2025-03-25 19:56:29,898 - INFO - User 1151644112454439023: Balance changed from 1410 to 1710 (delta: 300)
2025-03-25 19:56:29,899 - INFO - Successfully saved 1 users to money.txt
2025-03-25 19:56:33,762 - INFO - User 1151644112454439023: Balance changed from 1710 to 1610 (delta: -100)
2025-03-25 19:56:33,763 - INFO - Successfully saved 1 users to money.txt
2025-03-25 19:56:37,464 - INFO - User 1151644112454439023: Balance changed from 1610 to 1910 (delta: 300)
2025-03-25 19:56:37,464 - INFO - Successfully saved 1 users to money.txt
2025-03-25 19:56:41,114 - INFO - User 1151644112454439023: Balance changed from 1910 to 1810 (delta: -100)
2025-03-25 19:56:41,115 - INFO - Successfully saved 1 users to money.txt
2025-03-25 19:56:44,435 - INFO - User 1151644112454439023: Balance changed from 1810 to 2110 (delta: 300)
2025-03-25 19:56:44,436 - INFO - Successfully saved 1 users to money.txt
2025-03-25 19:56:53,398 - INFO - User 1151644112454439023: Balance changed from 2110 to 1910 (delta: -200)
2025-03-25 19:56:53,399 - INFO - Successfully saved 1 users to money.txt
2025-03-25 19:56:56,509 - INFO - User 1151644112454439023: Balance changed from 1910 to 2210 (delta: 300)
2025-03-25 19:56:56,509 - INFO - Successfully saved 1 users to money.txt
2025-03-25 19:57:05,937 - INFO - User 1151644112454439023: Balance changed from 2210 to 2810 (delta: 600)
2025-03-25 19:57:05,938 - INFO - Successfully saved 1 users to money.txt
2025-03-25 19:57:09,776 - INFO - User 1151644112454439023: Balance changed from 2810 to 2610 (delta: -200)
2025-03-25 19:57:09,776 - INFO - Successfully saved 1 users to money.txt
2025-03-25 19:57:12,634 - INFO - User 1151644112454439023: Balance changed from 2610 to 3210 (delta: 600)
2025-03-25 19:57:12,635 - INFO - Successfully saved 1 users to money.txt
2025-03-25 19:57:15,700 - INFO - User 1151644112454439023: Balance changed from 3210 to 3810 (delta: 600)
2025-03-25 19:57:15,701 - INFO - Successfully saved 1 users to money.txt
2025-03-25 19:57:18,664 - INFO - User 1151644112454439023: Balance changed from 3810 to 3610 (delta: -200)
2025-03-25 19:57:18,664 - INFO - Successfully saved 1 users to money.txt
2025-03-25 19:57:21,404 - INFO - User 1151644112454439023: Balance changed from 3610 to 3410 (delta: -200)
2025-03-25 19:57:21,405 - INFO - Successfully saved 1 users to money.txt
2025-03-25 19:57:24,261 - INFO - User 1151644112454439023: Balance changed from 3410 to 3210 (delta: -200)
2025-03-25 19:57:24,261 - INFO - Successfully saved 1 users to money.txt
2025-03-25 19:57:27,198 - INFO - User 1151644112454439023: Balance changed from 3210 to 3010 (delta: -200)
2025-03-25 19:57:27,198 - INFO - Successfully saved 1 users to money.txt
2025-03-25 19:57:30,368 - INFO - User 1151644112454439023: Balance changed from 3010 to 2810 (delta: -200)
2025-03-25 19:57:30,368 - INFO - Successfully saved 1 users to money.txt
2025-03-25 19:57:33,852 - INFO - User 1151644112454439023: Balance changed from 2810 to 2610 (delta: -200)
2025-03-25 19:57:33,853 - INFO - Successfully saved 1 users to money.txt
2025-03-25 19:57:39,990 - INFO - User 1151644112454439023: Balance changed from 2610 to 2410 (delta: -200)
2025-03-25 19:57:39,990 - INFO - Successfully saved 1 users to money.txt
2025-03-25 19:57:43,009 - INFO - User 1151644112454439023: Balance changed from 2410 to 3010 (delta: 600)
2025-03-25 19:57:43,009 - INFO - Successfully saved 1 users to money.txt
2025-03-25 19:57:46,481 - INFO - User 1151644112454439023: Balance changed from 3010 to 3610 (delta: 600)
2025-03-25 19:57:46,481 - INFO - Successfully saved 1 users to money.txt
2025-03-25 19:57:49,355 - INFO - User 1151644112454439023: Balance changed from 3610 to 4210 (delta: 600)
2025-03-25 19:57:49,355 - INFO - Successfully saved 1 users to money.txt
2025-03-25 19:58:08,071 - INFO - User 1151644112454439023: Balance changed from 4210 to 3810 (delta: -400)
2025-03-25 19:58:08,072 - INFO - Successfully saved 1 users to money.txt
2025-03-25 19:58:11,752 - INFO - User 1151644112454439023: Balance changed from 3810 to 3410 (delta: -400)
2025-03-25 19:58:11,753 - INFO - Successfully saved 1 users to money.txt
2025-03-25 19:58:16,491 - INFO - User 1151644112454439023: Balance changed from 3410 to 4610 (delta: 1200)
2025-03-25 19:58:16,492 - INFO - Successfully saved 1 users to money.txt
2025-03-25 19:58:19,499 - INFO - User 1151644112454439023: Balance changed from 4610 to 4210 (delta: -400)
2025-03-25 19:58:19,500 - INFO - Successfully saved 1 users to money.txt
2025-03-25 19:58:50,064 - INFO - User 1151644112454439023: Balance changed from 4210 to 3810 (delta: -400)
2025-03-25 19:58:50,065 - INFO - Successfully saved 1 users to money.txt
2025-03-25 19:58:53,328 - INFO - User 1151644112454439023: Balance changed from 3810 to 5010 (delta: 1200)
2025-03-25 19:58:53,328 - INFO - Successfully saved 1 users to money.txt
2025-03-25 19:58:58,105 - INFO - User 1151644112454439023: Balance changed from 5010 to 4610 (delta: -400)
2025-03-25 19:58:58,105 - INFO - Successfully saved 1 users to money.txt
2025-03-25 19:59:01,477 - INFO - User 1151644112454439023: Balance changed from 4610 to 5810 (delta: 1200)
2025-03-25 19:59:01,478 - INFO - Successfully saved 1 users to money.txt
2025-03-25 20:00:09,421 - INFO - User 1151644112454439023: Balance changed from 5810 to 7010 (delta: 1200)
2025-03-25 20:00:09,422 - INFO - Successfully saved 1 users to money.txt
2025-03-25 20:00:20,797 - INFO - User 1151644112454439023: Balance changed from 7010 to 6010 (delta: -1000)
2025-03-25 20:00:20,798 - INFO - Successfully saved 1 users to money.txt
2025-03-25 20:00:24,207 - INFO - User 1151644112454439023: Balance changed from 6010 to 5010 (delta: -1000)
2025-03-25 20:00:24,207 - INFO - Successfully saved 1 users to money.txt
2025-03-25 20:00:26,992 - INFO - User 1151644112454439023: Balance changed from 5010 to 8010 (delta: 3000)
2025-03-25 20:00:26,993 - INFO - Successfully saved 1 users to money.txt
2025-03-25 20:00:29,833 - INFO - User 1151644112454439023: Balance changed from 8010 to 11010 (delta: 3000)
2025-03-25 20:00:29,833 - INFO - Successfully saved 1 users to money.txt
2025-03-25 20:00:32,688 - INFO - User 1151644112454439023: Balance changed from 11010 to 10010 (delta: -1000)
2025-03-25 20:00:32,689 - INFO - Successfully saved 1 users to money.txt
2025-03-25 20:00:35,575 - INFO - User 1151644112454439023: Balance changed from 10010 to 13010 (delta: 3000)
2025-03-25 20:00:35,576 - INFO - Successfully saved 1 users to money.txt
2025-03-25 20:00:38,253 - INFO - User 1151644112454439023: Balance changed from 13010 to 12010 (delta: -1000)
2025-03-25 20:00:38,253 - INFO - Successfully saved 1 users to money.txt
2025-03-25 20:00:43,104 - INFO - User 1151644112454439023: Balance changed from 12010 to 11010 (delta: -1000)
2025-03-25 20:00:43,104 - INFO - Successfully saved 1 users to money.txt
2025-03-25 20:00:46,103 - INFO - User 1151644112454439023: Balance changed from 11010 to 10010 (delta: -1000)
2025-03-25 20:00:46,103 - INFO - Successfully saved 1 users to money.txt
2025-03-25 20:00:49,391 - INFO - User 1151644112454439023: Balance changed from 10010 to 13010 (delta: 3000)
2025-03-25 20:00:49,391 - INFO - Successfully saved 1 users to money.txt
2025-03-25 20:00:52,076 - INFO - User 1151644112454439023: Balance changed from 13010 to 12010 (delta: -1000)
2025-03-25 20:00:52,076 - INFO - Successfully saved 1 users to money.txt
2025-03-25 20:00:54,893 - INFO - User 1151644112454439023: Balance changed from 12010 to 15010 (delta: 3000)
2025-03-25 20:00:54,894 - INFO - Successfully saved 1 users to money.txt
2025-03-25 20:00:57,831 - INFO - User 1151644112454439023: Balance changed from 15010 to 14010 (delta: -1000)
2025-03-25 20:00:57,831 - INFO - Successfully saved 1 users to money.txt
2025-03-25 20:01:00,616 - INFO - User 1151644112454439023: Balance changed from 14010 to 17010 (delta: 3000)
2025-03-25 20:01:00,617 - INFO - Successfully saved 1 users to money.txt
2025-03-25 20:01:04,078 - INFO - User 1151644112454439023: Balance changed from 17010 to 16010 (delta: -1000)
2025-03-25 20:01:04,078 - INFO - Successfully saved 1 users to money.txt
2025-03-25 20:01:07,336 - INFO - User 1151644112454439023: Balance changed from 16010 to 19010 (delta: 3000)
2025-03-25 20:01:07,336 - INFO - Successfully saved 1 users to money.txt
2025-03-25 20:01:10,390 - INFO - User 1151644112454439023: Balance changed from 19010 to 18010 (delta: -1000)
2025-03-25 20:01:10,391 - INFO - Successfully saved 1 users to money.txt
2025-03-25 20:01:13,911 - INFO - User 1151644112454439023: Balance changed from 18010 to 17010 (delta: -1000)
2025-03-25 20:01:13,911 - INFO - Successfully saved 1 users to money.txt
2025-03-25 20:01:18,104 - INFO - User 1151644112454439023: Balance changed from 17010 to 20010 (delta: 3000)
2025-03-25 20:01:18,105 - INFO - Successfully saved 1 users to money.txt
2025-03-25 20:02:05,136 - INFO - User 1151644112454439023: Balance changed from 20010 to 23010 (delta: 3000)
2025-03-25 20:02:05,137 - INFO - Successfully saved 1 users to money.txt
2025-03-25 20:02:13,024 - INFO - User 1151644112454439023: Balance changed from 23010 to 20010 (delta: -3000)
2025-03-25 20:02:13,025 - INFO - Successfully saved 1 users to money.txt
2025-03-25 20:02:21,823 - INFO - User 1151644112454439023: Balance changed from 20010 to 17010 (delta: -3000)
2025-03-25 20:02:21,824 - INFO - Successfully saved 1 users to money.txt
2025-03-25 20:02:24,809 - INFO - User 1151644112454439023: Balance changed from 17010 to 14010 (delta: -3000)
2025-03-25 20:02:24,809 - INFO - Successfully saved 1 users to money.txt
2025-03-25 20:02:27,917 - INFO - User 1151644112454439023: Balance changed from 14010 to 11010 (delta: -3000)
2025-03-25 20:02:27,917 - INFO - Successfully saved 1 users to money.txt
2025-03-25 20:02:30,842 - INFO - User 1151644112454439023: Balance changed from 11010 to 20010 (delta: 9000)
2025-03-25 20:02:30,842 - INFO - Successfully saved 1 users to money.txt
2025-03-25 20:02:33,580 - INFO - User 1151644112454439023: Balance changed from 20010 to 29010 (delta: 9000)
2025-03-25 20:02:33,581 - INFO - Successfully saved 1 users to money.txt
2025-03-25 20:02:36,386 - INFO - User 1151644112454439023: Balance changed from 29010 to 26010 (delta: -3000)
2025-03-25 20:02:36,387 - INFO - Successfully saved 1 users to money.txt
2025-03-25 20:03:31,123 - INFO - User 1151644112454439023: Balance changed from 26010 to 35010 (delta: 9000)
2025-03-25 20:03:31,123 - INFO - Successfully saved 1 users to money.txt
2025-03-25 20:03:34,157 - INFO - User 1151644112454439023: Balance changed from 35010 to 32010 (delta: -3000)
2025-03-25 20:03:34,157 - INFO - Successfully saved 1 users to money.txt
2025-03-25 20:03:37,155 - INFO - User 1151644112454439023: Balance changed from 32010 to 29010 (delta: -3000)
2025-03-25 20:03:37,155 - INFO - Successfully saved 1 users to money.txt
2025-03-25 20:03:40,154 - INFO - User 1151644112454439023: Balance changed from 29010 to 38010 (delta: 9000)
2025-03-25 20:03:40,155 - INFO - Successfully saved 1 users to money.txt
2025-03-25 20:03:43,639 - INFO - User 1151644112454439023: Balance changed from 38010 to 47010 (delta: 9000)
2025-03-25 20:03:43,640 - INFO - Successfully saved 1 users to money.txt
2025-03-25 20:04:32,765 - INFO - User 1151644112454439023: Balance changed from 47010 to 56010 (delta: 9000)
2025-03-25 20:04:32,766 - INFO - Successfully saved 1 users to money.txt
2025-03-25 20:04:35,774 - INFO - User 1151644112454439023: Balance changed from 56010 to 53010 (delta: -3000)
2025-03-25 20:04:35,775 - INFO - Successfully saved 1 users to money.txt
2025-03-25 20:05:33,284 - INFO - Added new user 701932525551091743 with default balance 200
2025-03-25 20:05:33,285 - INFO - Successfully saved 2 users to money.txt
2025-03-25 20:05:33,285 - INFO - User 701932525551091743: Balance changed from 200 to 200 (delta: -200)
2025-03-25 20:05:33,286 - INFO - Successfully saved 2 users to money.txt
2025-03-25 20:05:34,628 - INFO - User 701932525551091743: Balance changed from 200 to 800 (delta: 600)
2025-03-25 20:05:34,629 - INFO - Successfully saved 2 users to money.txt
2025-03-25 20:05:36,195 - INFO - User 701932525551091743: Balance changed from 800 to 600 (delta: -200)
2025-03-25 20:05:36,196 - INFO - Successfully saved 2 users to money.txt
2025-03-25 20:05:38,455 - INFO - User 701932525551091743: Balance changed from 600 to 1200 (delta: 600)
2025-03-25 20:05:38,456 - INFO - Successfully saved 2 users to money.txt
2025-03-25 20:05:41,813 - INFO - User 701932525551091743: Balance changed from 1200 to 1000 (delta: -200)
2025-03-25 20:05:41,814 - INFO - Successfully saved 2 users to money.txt
2025-03-25 20:05:51,242 - INFO - User 701932525551091743: Balance changed from 1000 to 800 (delta: -200)
2025-03-25 20:05:51,243 - INFO - Successfully saved 2 users to money.txt
2025-03-25 20:05:53,929 - INFO - User 701932525551091743: Balance changed from 800 to 1400 (delta: 600)
2025-03-25 20:05:53,929 - INFO - Successfully saved 2 users to money.txt
2025-03-25 20:05:59,233 - INFO - User 701932525551091743: Balance changed from 1400 to 2000 (delta: 600)
2025-03-25 20:05:59,234 - INFO - Successfully saved 2 users to money.txt
2025-03-25 20:06:01,165 - INFO - User 701932525551091743: Balance changed from 2000 to 1800 (delta: -200)
2025-03-25 20:06:01,166 - INFO - Successfully saved 2 users to money.txt
2025-03-25 20:06:01,418 - INFO - Added new user 729158162279563275 with default balance 200
2025-03-25 20:06:01,419 - INFO - Successfully saved 3 users to money.txt
2025-03-25 20:06:01,419 - INFO - User 729158162279563275: Balance changed from 200 to 200 (delta: -200)
2025-03-25 20:06:01,419 - INFO - Successfully saved 3 users to money.txt
2025-03-25 20:06:02,536 - INFO - User 1151644112454439023: Balance changed from 53010 to 50010 (delta: -3000)
2025-03-25 20:06:02,536 - INFO - Successfully saved 3 users to money.txt
2025-03-25 20:06:02,642 - INFO - User 701932525551091743: Balance changed from 1800 to 2400 (delta: 600)
2025-03-25 20:06:02,643 - INFO - Successfully saved 3 users to money.txt
2025-03-25 20:06:05,060 - INFO - User 701932525551091743: Balance changed from 2400 to 2200 (delta: -200)
2025-03-25 20:06:05,060 - INFO - Successfully saved 3 users to money.txt
2025-03-25 20:06:05,590 - INFO - User 1151644112454439023: Balance changed from 50010 to 47010 (delta: -3000)
2025-03-25 20:06:05,590 - INFO - Successfully saved 3 users to money.txt
2025-03-25 20:06:07,892 - INFO - User 701932525551091743: Balance changed from 2200 to 2000 (delta: -200)
2025-03-25 20:06:07,893 - INFO - Successfully saved 3 users to money.txt
2025-03-25 20:06:08,839 - INFO - User 1151644112454439023: Balance changed from 47010 to 56010 (delta: 9000)
2025-03-25 20:06:08,839 - INFO - Successfully saved 3 users to money.txt
2025-03-25 20:06:11,866 - INFO - User 1151644112454439023: Balance changed from 56010 to 53010 (delta: -3000)
2025-03-25 20:06:11,867 - INFO - Successfully saved 3 users to money.txt
2025-03-25 20:06:12,461 - INFO - User 729158162279563275: Balance changed from 200 to 200 (delta: -200)
2025-03-25 20:06:12,462 - INFO - Successfully saved 3 users to money.txt
2025-03-25 20:06:15,497 - INFO - User 1151644112454439023: Balance changed from 53010 to 50010 (delta: -3000)
2025-03-25 20:06:15,497 - INFO - Successfully saved 3 users to money.txt
2025-03-25 20:06:17,327 - INFO - User 729158162279563275: Balance changed from 200 to 800 (delta: 600)
2025-03-25 20:06:17,327 - INFO - Successfully saved 3 users to money.txt
2025-03-25 20:06:18,517 - INFO - User 1151644112454439023: Balance changed from 50010 to 59010 (delta: 9000)
2025-03-25 20:06:18,518 - INFO - Successfully saved 3 users to money.txt
2025-03-25 20:06:20,279 - INFO - User 729158162279563275: Balance changed from 800 to 1400 (delta: 600)
2025-03-25 20:06:20,280 - INFO - Successfully saved 3 users to money.txt
2025-03-25 20:06:23,402 - INFO - User 1151644112454439023: Balance changed from 59010 to 56010 (delta: -3000)
2025-03-25 20:06:23,403 - INFO - Successfully saved 3 users to money.txt
2025-03-25 20:06:26,797 - INFO - User 1151644112454439023: Balance changed from 56010 to 53010 (delta: -3000)
2025-03-25 20:06:26,798 - INFO - Successfully saved 3 users to money.txt
2025-03-25 20:06:29,728 - INFO - User 1151644112454439023: Balance changed from 53010 to 50010 (delta: -3000)
2025-03-25 20:06:29,729 - INFO - Successfully saved 3 users to money.txt
2025-03-25 20:06:33,009 - INFO - User 1151644112454439023: Balance changed from 50010 to 47010 (delta: -3000)
2025-03-25 20:06:33,010 - INFO - Successfully saved 3 users to money.txt
2025-03-25 20:06:36,226 - INFO - User 1151644112454439023: Balance changed from 47010 to 56010 (delta: 9000)
2025-03-25 20:06:36,227 - INFO - Successfully saved 3 users to money.txt
2025-03-25 20:06:39,383 - INFO - User 1151644112454439023: Balance changed from 56010 to 65010 (delta: 9000)
2025-03-25 20:06:39,384 - INFO - Successfully saved 3 users to money.txt
2025-03-25 20:06:40,440 - INFO - User 729158162279563275: Balance changed from 1400 to 2000 (delta: 600)
2025-03-25 20:06:40,440 - INFO - Successfully saved 3 users to money.txt
2025-03-25 20:06:42,841 - INFO - User 729158162279563275: Balance changed from 2000 to 1800 (delta: -200)
2025-03-25 20:06:42,841 - INFO - Successfully saved 3 users to money.txt
2025-03-25 20:06:44,498 - INFO - User 729158162279563275: Balance changed from 1800 to 1600 (delta: -200)
2025-03-25 20:06:44,499 - INFO - Successfully saved 3 users to money.txt
2025-03-25 20:06:45,917 - INFO - User 729158162279563275: Balance changed from 1600 to 2200 (delta: 600)
2025-03-25 20:06:45,917 - INFO - Successfully saved 3 users to money.txt
2025-03-25 20:07:05,238 - INFO - User 1151644112454439023: Balance changed from 65010 to 89010 (delta: 24000)
2025-03-25 20:07:05,238 - INFO - Successfully saved 3 users to money.txt
2025-03-25 20:07:08,375 - INFO - User 1151644112454439023: Balance changed from 89010 to 81010 (delta: -8000)
2025-03-25 20:07:08,376 - INFO - Successfully saved 3 users to money.txt
2025-03-25 20:07:11,498 - INFO - User 1151644112454439023: Balance changed from 81010 to 73010 (delta: -8000)
2025-03-25 20:07:11,498 - INFO - Successfully saved 3 users to money.txt
2025-03-25 20:07:12,781 - INFO - User 729158162279563275: Balance changed from 2200 to 2000 (delta: -200)
2025-03-25 20:07:12,782 - INFO - Successfully saved 3 users to money.txt
2025-03-25 20:07:14,206 - INFO - User 729158162279563275: Balance changed from 2000 to 1800 (delta: -200)
2025-03-25 20:07:14,206 - INFO - Successfully saved 3 users to money.txt
2025-03-25 20:07:14,420 - INFO - User 1151644112454439023: Balance changed from 73010 to 65010 (delta: -8000)
2025-03-25 20:07:14,420 - INFO - Successfully saved 3 users to money.txt
2025-03-25 20:07:15,608 - INFO - User 729158162279563275: Balance changed from 1800 to 2400 (delta: 600)
2025-03-25 20:07:15,608 - INFO - Successfully saved 3 users to money.txt
2025-03-25 20:07:17,400 - INFO - User 1151644112454439023: Balance changed from 65010 to 57010 (delta: -8000)
2025-03-25 20:07:17,401 - INFO - Successfully saved 3 users to money.txt
2025-03-25 20:07:18,152 - INFO - User 729158162279563275: Balance changed from 2400 to 2200 (delta: -200)
2025-03-25 20:07:18,152 - INFO - Successfully saved 3 users to money.txt
2025-03-25 20:07:20,387 - INFO - User 1151644112454439023: Balance changed from 57010 to 49010 (delta: -8000)
2025-03-25 20:07:20,388 - INFO - Successfully saved 3 users to money.txt
2025-03-25 20:07:23,155 - INFO - User 1151644112454439023: Balance changed from 49010 to 73010 (delta: 24000)
2025-03-25 20:07:23,156 - INFO - Successfully saved 3 users to money.txt
2025-03-25 20:07:26,001 - INFO - User 1151644112454439023: Balance changed from 73010 to 65010 (delta: -8000)
2025-03-25 20:07:26,002 - INFO - Successfully saved 3 users to money.txt
2025-03-25 20:07:28,376 - INFO - User 729158162279563275: Balance changed from 2200 to 2800 (delta: 600)
2025-03-25 20:07:28,377 - INFO - Successfully saved 3 users to money.txt
2025-03-25 20:07:28,869 - INFO - User 1151644112454439023: Balance changed from 65010 to 89010 (delta: 24000)
2025-03-25 20:07:28,869 - INFO - Successfully saved 3 users to money.txt
2025-03-25 20:07:30,083 - INFO - User 729158162279563275: Balance changed from 2800 to 2600 (delta: -200)
2025-03-25 20:07:30,083 - INFO - Successfully saved 3 users to money.txt
2025-03-25 20:07:31,540 - INFO - User 729158162279563275: Balance changed from 2600 to 2400 (delta: -200)
2025-03-25 20:07:31,540 - INFO - Successfully saved 3 users to money.txt
2025-03-25 20:07:31,885 - INFO - User 1151644112454439023: Balance changed from 89010 to 81010 (delta: -8000)
2025-03-25 20:07:31,885 - INFO - Successfully saved 3 users to money.txt
2025-03-25 20:07:34,106 - INFO - User 729158162279563275: Balance changed from 2400 to 3000 (delta: 600)
2025-03-25 20:07:34,107 - INFO - Successfully saved 3 users to money.txt
2025-03-25 20:07:34,813 - INFO - User 1151644112454439023: Balance changed from 81010 to 73010 (delta: -8000)
2025-03-25 20:07:34,814 - INFO - Successfully saved 3 users to money.txt
2025-03-25 20:07:36,752 - INFO - User 729158162279563275: Balance changed from 3000 to 2800 (delta: -200)
2025-03-25 20:07:36,753 - INFO - Successfully saved 3 users to money.txt
2025-03-25 20:07:37,817 - INFO - User 1151644112454439023: Balance changed from 73010 to 65010 (delta: -8000)
2025-03-25 20:07:37,817 - INFO - Successfully saved 3 users to money.txt
2025-03-25 20:07:39,344 - INFO - User 729158162279563275: Balance changed from 2800 to 3400 (delta: 600)
2025-03-25 20:07:39,344 - INFO - Successfully saved 3 users to money.txt
2025-03-25 20:07:40,538 - INFO - User 1151644112454439023: Balance changed from 65010 to 57010 (delta: -8000)
2025-03-25 20:07:40,539 - INFO - Successfully saved 3 users to money.txt
2025-03-25 20:07:41,875 - INFO - User 729158162279563275: Balance changed from 3400 to 4000 (delta: 600)
2025-03-25 20:07:41,876 - INFO - Successfully saved 3 users to money.txt
2025-03-25 20:07:43,310 - INFO - User 1151644112454439023: Balance changed from 57010 to 49010 (delta: -8000)
2025-03-25 20:07:43,310 - INFO - Successfully saved 3 users to money.txt
2025-03-25 20:07:44,451 - INFO - User 729158162279563275: Balance changed from 4000 to 3800 (delta: -200)
2025-03-25 20:07:44,452 - INFO - Successfully saved 3 users to money.txt
2025-03-25 20:07:46,052 - INFO - User 729158162279563275: Balance changed from 3800 to 3600 (delta: -200)
2025-03-25 20:07:46,053 - INFO - Successfully saved 3 users to money.txt
2025-03-25 20:07:47,523 - INFO - User 1151644112454439023: Balance changed from 49010 to 41010 (delta: -8000)
2025-03-25 20:07:47,523 - INFO - Successfully saved 3 users to money.txt
2025-03-25 20:07:48,862 - INFO - User 729158162279563275: Balance changed from 3600 to 3400 (delta: -200)
2025-03-25 20:07:48,863 - INFO - Successfully saved 3 users to money.txt
2025-03-25 20:07:51,417 - INFO - User 729158162279563275: Balance changed from 3400 to 3200 (delta: -200)
2025-03-25 20:07:51,418 - INFO - Successfully saved 3 users to money.txt
2025-03-25 20:07:53,971 - INFO - User 729158162279563275: Balance changed from 3200 to 3000 (delta: -200)
2025-03-25 20:07:53,972 - INFO - Successfully saved 3 users to money.txt
2025-03-25 20:07:56,380 - INFO - User 729158162279563275: Balance changed from 3000 to 3600 (delta: 600)
2025-03-25 20:07:56,380 - INFO - Successfully saved 3 users to money.txt
2025-03-25 20:07:59,312 - INFO - User 729158162279563275: Balance changed from 3600 to 3400 (delta: -200)
2025-03-25 20:07:59,313 - INFO - Successfully saved 3 users to money.txt
2025-03-25 20:08:00,881 - INFO - User 729158162279563275: Balance changed from 3400 to 3200 (delta: -200)
2025-03-25 20:08:00,882 - INFO - Successfully saved 3 users to money.txt
2025-03-25 20:08:03,645 - INFO - User 729158162279563275: Balance changed from 3200 to 3800 (delta: 600)
2025-03-25 20:08:03,645 - INFO - Successfully saved 3 users to money.txt
2025-03-25 20:08:05,836 - INFO - User 1151644112454439023: Balance changed from 41010 to 33010 (delta: -8000)
2025-03-25 20:08:05,836 - INFO - Successfully saved 3 users to money.txt
2025-03-25 20:08:06,919 - INFO - User 729158162279563275: Balance changed from 3800 to 3600 (delta: -200)
2025-03-25 20:08:06,920 - INFO - Successfully saved 3 users to money.txt
2025-03-25 20:08:08,595 - INFO - User 729158162279563275: Balance changed from 3600 to 4200 (delta: 600)
2025-03-25 20:08:08,596 - INFO - Successfully saved 3 users to money.txt
2025-03-25 20:08:11,157 - INFO - User 729158162279563275: Balance changed from 4200 to 4000 (delta: -200)
2025-03-25 20:08:11,158 - INFO - Successfully saved 3 users to money.txt
2025-03-25 20:08:12,267 - INFO - User 1151644112454439023: Balance changed from 33010 to 25010 (delta: -8000)
2025-03-25 20:08:12,268 - INFO - Successfully saved 3 users to money.txt
2025-03-25 20:08:13,688 - INFO - User 729158162279563275: Balance changed from 4000 to 4600 (delta: 600)
2025-03-25 20:08:13,689 - INFO - Successfully saved 3 users to money.txt
2025-03-25 20:08:16,272 - INFO - User 729158162279563275: Balance changed from 4600 to 4400 (delta: -200)
2025-03-25 20:08:16,273 - INFO - Successfully saved 3 users to money.txt
2025-03-25 20:08:17,636 - INFO - User 1151644112454439023: Balance changed from 25010 to 17010 (delta: -8000)
2025-03-25 20:08:17,636 - INFO - Successfully saved 3 users to money.txt
2025-03-25 20:08:19,165 - INFO - User 729158162279563275: Balance changed from 4400 to 4200 (delta: -200)
2025-03-25 20:08:19,165 - INFO - Successfully saved 3 users to money.txt
2025-03-25 20:08:21,859 - INFO - User 729158162279563275: Balance changed from 4200 to 4000 (delta: -200)
2025-03-25 20:08:21,860 - INFO - Successfully saved 3 users to money.txt
2025-03-25 20:08:23,750 - INFO - User 729158162279563275: Balance changed from 4000 to 4600 (delta: 600)
2025-03-25 20:08:23,750 - INFO - Successfully saved 3 users to money.txt
2025-03-25 20:08:27,104 - INFO - User 729158162279563275: Balance changed from 4600 to 4400 (delta: -200)
2025-03-25 20:08:27,104 - INFO - Successfully saved 3 users to money.txt
2025-03-25 20:08:27,253 - INFO - User 1151644112454439023: Balance changed from 17010 to 14010 (delta: -3000)
2025-03-25 20:08:27,254 - INFO - Successfully saved 3 users to money.txt
2025-03-25 20:08:28,870 - INFO - User 729158162279563275: Balance changed from 4400 to 4200 (delta: -200)
2025-03-25 20:08:28,870 - INFO - Successfully saved 3 users to money.txt
2025-03-25 20:08:30,086 - INFO - User 1151644112454439023: Balance changed from 14010 to 6010 (delta: -8000)
2025-03-25 20:08:30,087 - INFO - Successfully saved 3 users to money.txt
2025-03-25 20:08:31,449 - INFO - User 729158162279563275: Balance changed from 4200 to 4000 (delta: -200)
2025-03-25 20:08:31,450 - INFO - Successfully saved 3 users to money.txt
2025-03-25 20:08:34,025 - INFO - User 729158162279563275: Balance changed from 4000 to 3800 (delta: -200)
2025-03-25 20:08:34,026 - INFO - Successfully saved 3 users to money.txt
2025-03-25 20:08:36,693 - INFO - User 729158162279563275: Balance changed from 3800 to 3600 (delta: -200)
2025-03-25 20:08:36,694 - INFO - Successfully saved 3 users to money.txt
2025-03-25 20:08:36,936 - INFO - User 701932525551091743: Balance changed from 2000 to 1800 (delta: -200)
2025-03-25 20:08:36,937 - INFO - Successfully saved 3 users to money.txt
2025-03-25 20:08:38,528 - INFO - User 701932525551091743: Balance changed from 1800 to 2400 (delta: 600)
2025-03-25 20:08:38,528 - INFO - Successfully saved 3 users to money.txt
2025-03-25 20:08:39,385 - INFO - User 729158162279563275: Balance changed from 3600 to 3400 (delta: -200)
2025-03-25 20:08:39,385 - INFO - Successfully saved 3 users to money.txt
2025-03-25 20:08:39,636 - INFO - User 701932525551091743: Balance changed from 2400 to 2200 (delta: -200)
2025-03-25 20:08:39,637 - INFO - Successfully saved 3 users to money.txt
2025-03-25 20:08:41,941 - INFO - User 729158162279563275: Balance changed from 3400 to 3200 (delta: -200)
2025-03-25 20:08:41,941 - INFO - Successfully saved 3 users to money.txt
2025-03-25 20:08:42,023 - INFO - User 701932525551091743: Balance changed from 2200 to 2000 (delta: -200)
2025-03-25 20:08:42,026 - INFO - Successfully saved 3 users to money.txt
2025-03-25 20:08:44,538 - INFO - User 729158162279563275: Balance changed from 3200 to 3000 (delta: -200)
2025-03-25 20:08:44,539 - INFO - Successfully saved 3 users to money.txt
2025-03-25 20:08:45,349 - INFO - User 701932525551091743: Balance changed from 2000 to 2600 (delta: 600)
2025-03-25 20:08:45,350 - INFO - Successfully saved 3 users to money.txt
2025-03-25 20:08:45,948 - INFO - User 729158162279563275: Balance changed from 3000 to 3600 (delta: 600)
2025-03-25 20:08:45,948 - INFO - Successfully saved 3 users to money.txt
2025-03-25 20:08:48,427 - INFO - User 1151644112454439023: Balance changed from 6010 to 15010 (delta: 9000)
2025-03-25 20:08:48,428 - INFO - Successfully saved 3 users to money.txt
2025-03-25 20:08:49,507 - INFO - User 729158162279563275: Balance changed from 3600 to 3400 (delta: -200)
2025-03-25 20:08:49,507 - INFO - Successfully saved 3 users to money.txt
2025-03-25 20:08:51,887 - INFO - User 1151644112454439023: Balance changed from 15010 to 12010 (delta: -3000)
2025-03-25 20:08:51,887 - INFO - Successfully saved 3 users to money.txt
2025-03-25 20:08:52,218 - INFO - User 729158162279563275: Balance changed from 3400 to 3200 (delta: -200)
2025-03-25 20:08:52,218 - INFO - Successfully saved 3 users to money.txt
2025-03-25 20:08:53,681 - INFO - User 729158162279563275: Balance changed from 3200 to 3000 (delta: -200)
2025-03-25 20:08:53,682 - INFO - Successfully saved 3 users to money.txt
2025-03-25 20:08:56,279 - INFO - User 729158162279563275: Balance changed from 3000 to 2800 (delta: -200)
2025-03-25 20:08:56,280 - INFO - Successfully saved 3 users to money.txt
2025-03-25 20:08:57,756 - INFO - User 1151644112454439023: Balance changed from 12010 to 21010 (delta: 9000)
2025-03-25 20:08:57,757 - INFO - Successfully saved 3 users to money.txt
2025-03-25 20:08:58,833 - INFO - User 729158162279563275: Balance changed from 2800 to 3400 (delta: 600)
2025-03-25 20:08:58,834 - INFO - Successfully saved 3 users to money.txt
2025-03-25 20:09:00,824 - INFO - User 1151644112454439023: Balance changed from 21010 to 18010 (delta: -3000)
2025-03-25 20:09:00,825 - INFO - Successfully saved 3 users to money.txt
2025-03-25 20:09:01,370 - INFO - User 729158162279563275: Balance changed from 3400 to 3200 (delta: -200)
2025-03-25 20:09:01,370 - INFO - Successfully saved 3 users to money.txt
2025-03-25 20:09:03,606 - INFO - User 1151644112454439023: Balance changed from 18010 to 27010 (delta: 9000)
2025-03-25 20:09:03,606 - INFO - Successfully saved 3 users to money.txt
2025-03-25 20:09:04,499 - INFO - User 729158162279563275: Balance changed from 3200 to 3800 (delta: 600)
2025-03-25 20:09:04,500 - INFO - Successfully saved 3 users to money.txt
2025-03-25 20:09:06,245 - INFO - User 729158162279563275: Balance changed from 3800 to 3600 (delta: -200)
2025-03-25 20:09:06,245 - INFO - Successfully saved 3 users to money.txt
2025-03-25 20:09:08,730 - INFO - User 729158162279563275: Balance changed from 3600 to 3400 (delta: -200)
2025-03-25 20:09:08,730 - INFO - Successfully saved 3 users to money.txt
2025-03-25 20:09:09,023 - INFO - User 1151644112454439023: Balance changed from 27010 to 24010 (delta: -3000)
2025-03-25 20:09:09,024 - INFO - Successfully saved 3 users to money.txt
2025-03-25 20:09:11,202 - INFO - User 729158162279563275: Balance changed from 3400 to 3200 (delta: -200)
2025-03-25 20:09:11,203 - INFO - Successfully saved 3 users to money.txt
2025-03-25 20:09:13,804 - INFO - User 729158162279563275: Balance changed from 3200 to 3000 (delta: -200)
2025-03-25 20:09:13,804 - INFO - Successfully saved 3 users to money.txt
2025-03-25 20:09:16,392 - INFO - User 729158162279563275: Balance changed from 3000 to 3600 (delta: 600)
2025-03-25 20:09:16,393 - INFO - Successfully saved 3 users to money.txt
2025-03-25 20:09:18,878 - INFO - User 729158162279563275: Balance changed from 3600 to 4200 (delta: 600)
2025-03-25 20:09:18,878 - INFO - Successfully saved 3 users to money.txt
2025-03-25 20:09:21,378 - INFO - User 729158162279563275: Balance changed from 4200 to 4000 (delta: -200)
2025-03-25 20:09:21,378 - INFO - Successfully saved 3 users to money.txt
2025-03-25 20:09:24,197 - INFO - User 729158162279563275: Balance changed from 4000 to 3800 (delta: -200)
2025-03-25 20:09:24,197 - INFO - Successfully saved 3 users to money.txt
2025-03-25 20:09:24,896 - INFO - User 1151644112454439023: Balance changed from 24010 to 21010 (delta: -3000)
2025-03-25 20:09:24,896 - INFO - Successfully saved 3 users to money.txt
2025-03-25 20:09:26,810 - INFO - User 729158162279563275: Balance changed from 3800 to 3600 (delta: -200)
2025-03-25 20:09:26,811 - INFO - Successfully saved 3 users to money.txt
2025-03-25 20:09:28,133 - INFO - User 1151644112454439023: Balance changed from 21010 to 18010 (delta: -3000)
2025-03-25 20:09:28,134 - INFO - Successfully saved 3 users to money.txt
2025-03-25 20:09:29,215 - INFO - User 729158162279563275: Balance changed from 3600 to 4200 (delta: 600)
2025-03-25 20:09:29,215 - INFO - Successfully saved 3 users to money.txt
2025-03-25 20:09:30,911 - INFO - User 1151644112454439023: Balance changed from 18010 to 27010 (delta: 9000)
2025-03-25 20:09:30,912 - INFO - Successfully saved 3 users to money.txt
2025-03-25 20:09:31,885 - INFO - User 729158162279563275: Balance changed from 4200 to 4000 (delta: -200)
2025-03-25 20:09:31,886 - INFO - Successfully saved 3 users to money.txt
2025-03-25 20:09:34,206 - INFO - User 1151644112454439023: Balance changed from 27010 to 24010 (delta: -3000)
2025-03-25 20:09:34,207 - INFO - Successfully saved 3 users to money.txt
2025-03-25 20:09:34,451 - INFO - User 729158162279563275: Balance changed from 4000 to 3800 (delta: -200)
2025-03-25 20:09:34,451 - INFO - Successfully saved 3 users to money.txt
2025-03-25 20:09:36,859 - INFO - User 729158162279563275: Balance changed from 3800 to 3600 (delta: -200)
2025-03-25 20:09:36,860 - INFO - Successfully saved 3 users to money.txt
2025-03-25 20:09:36,888 - INFO - User 1151644112454439023: Balance changed from 24010 to 33010 (delta: 9000)
2025-03-25 20:09:36,888 - INFO - Successfully saved 3 users to money.txt
2025-03-25 20:09:39,273 - INFO - User 729158162279563275: Balance changed from 3600 to 3400 (delta: -200)
2025-03-25 20:09:39,273 - INFO - Successfully saved 3 users to money.txt
2025-03-25 20:09:40,147 - INFO - User 1151644112454439023: Balance changed from 33010 to 30010 (delta: -3000)
2025-03-25 20:09:40,147 - INFO - Successfully saved 3 users to money.txt
2025-03-25 20:09:41,653 - INFO - User 729158162279563275: Balance changed from 3400 to 4000 (delta: 600)
2025-03-25 20:09:41,654 - INFO - Successfully saved 3 users to money.txt
2025-03-25 20:09:42,999 - INFO - User 1151644112454439023: Balance changed from 30010 to 39010 (delta: 9000)
2025-03-25 20:09:43,000 - INFO - Successfully saved 3 users to money.txt
2025-03-25 20:09:45,687 - INFO - User 729158162279563275: Balance changed from 4000 to 4600 (delta: 600)
2025-03-25 20:09:45,687 - INFO - Successfully saved 3 users to money.txt
2025-03-25 20:09:45,803 - INFO - User 1151644112454439023: Balance changed from 39010 to 36010 (delta: -3000)
2025-03-25 20:09:45,803 - INFO - Successfully saved 3 users to money.txt
2025-03-25 20:09:46,091 - INFO - User 729158162279563275: Balance changed from 4600 to 5200 (delta: 600)
2025-03-25 20:09:46,091 - INFO - Successfully saved 3 users to money.txt
2025-03-25 20:09:48,960 - INFO - User 1151644112454439023: Balance changed from 36010 to 33010 (delta: -3000)
2025-03-25 20:09:48,961 - INFO - Successfully saved 3 users to money.txt
2025-03-25 20:09:49,663 - INFO - User 729158162279563275: Balance changed from 5200 to 5000 (delta: -200)
2025-03-25 20:09:49,663 - INFO - Successfully saved 3 users to money.txt
2025-03-25 20:09:51,114 - INFO - User 729158162279563275: Balance changed from 5000 to 4800 (delta: -200)
2025-03-25 20:09:51,114 - INFO - Successfully saved 3 users to money.txt
2025-03-25 20:09:51,914 - INFO - User 1151644112454439023: Balance changed from 33010 to 42010 (delta: 9000)
2025-03-25 20:09:51,915 - INFO - Successfully saved 3 users to money.txt
2025-03-25 20:09:53,595 - INFO - User 729158162279563275: Balance changed from 4800 to 4600 (delta: -200)
2025-03-25 20:09:53,596 - INFO - Successfully saved 3 users to money.txt
2025-03-25 20:09:54,724 - INFO - User 1151644112454439023: Balance changed from 42010 to 39010 (delta: -3000)
2025-03-25 20:09:54,724 - INFO - Successfully saved 3 users to money.txt
2025-03-25 20:09:56,415 - INFO - User 729158162279563275: Balance changed from 4600 to 5200 (delta: 600)
2025-03-25 20:09:56,416 - INFO - Successfully saved 3 users to money.txt
2025-03-25 20:09:58,002 - INFO - User 1151644112454439023: Balance changed from 39010 to 36010 (delta: -3000)
2025-03-25 20:09:58,002 - INFO - Successfully saved 3 users to money.txt
2025-03-25 20:09:59,024 - INFO - User 729158162279563275: Balance changed from 5200 to 5800 (delta: 600)
2025-03-25 20:09:59,025 - INFO - Successfully saved 3 users to money.txt
2025-03-25 20:10:00,983 - INFO - User 1151644112454439023: Balance changed from 36010 to 33010 (delta: -3000)
2025-03-25 20:10:00,983 - INFO - Successfully saved 3 users to money.txt
2025-03-25 20:10:02,200 - INFO - User 729158162279563275: Balance changed from 5800 to 5600 (delta: -200)
2025-03-25 20:10:02,200 - INFO - Successfully saved 3 users to money.txt
2025-03-25 20:10:03,759 - INFO - User 729158162279563275: Balance changed from 5600 to 5400 (delta: -200)
2025-03-25 20:10:03,760 - INFO - Successfully saved 3 users to money.txt
2025-03-25 20:10:03,848 - INFO - User 1151644112454439023: Balance changed from 33010 to 30010 (delta: -3000)
2025-03-25 20:10:03,848 - INFO - Successfully saved 3 users to money.txt
2025-03-25 20:10:06,250 - INFO - User 729158162279563275: Balance changed from 5400 to 6000 (delta: 600)
2025-03-25 20:10:06,251 - INFO - Successfully saved 3 users to money.txt
2025-03-25 20:10:06,522 - INFO - User 1151644112454439023: Balance changed from 30010 to 39010 (delta: 9000)
2025-03-25 20:10:06,523 - INFO - Successfully saved 3 users to money.txt
2025-03-25 20:10:08,743 - INFO - User 729158162279563275: Balance changed from 6000 to 6600 (delta: 600)
2025-03-25 20:10:08,744 - INFO - Successfully saved 3 users to money.txt
2025-03-25 20:10:09,418 - INFO - User 1151644112454439023: Balance changed from 39010 to 48010 (delta: 9000)
2025-03-25 20:10:09,419 - INFO - Successfully saved 3 users to money.txt
2025-03-25 20:10:11,141 - INFO - User 729158162279563275: Balance changed from 6600 to 7200 (delta: 600)
2025-03-25 20:10:11,141 - INFO - Successfully saved 3 users to money.txt
2025-03-25 20:10:12,523 - INFO - User 1151644112454439023: Balance changed from 48010 to 93010 (delta: 45000)
2025-03-25 20:10:12,524 - INFO - Successfully saved 3 users to money.txt
2025-03-25 20:10:13,546 - INFO - User 729158162279563275: Balance changed from 7200 to 10200 (delta: 3000)
2025-03-25 20:10:13,547 - INFO - Successfully saved 3 users to money.txt
2025-03-25 20:10:16,988 - INFO - User 729158162279563275: Balance changed from 10200 to 10000 (delta: -200)
2025-03-25 20:10:16,988 - INFO - Successfully saved 3 users to money.txt
2025-03-25 20:10:19,448 - INFO - User 729158162279563275: Balance changed from 10000 to 9800 (delta: -200)
2025-03-25 20:10:19,449 - INFO - Successfully saved 3 users to money.txt
2025-03-25 20:10:21,959 - INFO - User 729158162279563275: Balance changed from 9800 to 10400 (delta: 600)
2025-03-25 20:10:21,960 - INFO - Successfully saved 3 users to money.txt
2025-03-25 20:10:27,971 - INFO - User 1151644112454439023: Balance changed from 93010 to 90010 (delta: -3000)
2025-03-25 20:10:27,971 - INFO - Successfully saved 3 users to money.txt
2025-03-25 20:10:30,645 - INFO - User 1151644112454439023: Balance changed from 90010 to 99010 (delta: 9000)
2025-03-25 20:10:30,645 - INFO - Successfully saved 3 users to money.txt
2025-03-25 20:10:34,780 - INFO - User 1151644112454439023: Balance changed from 99010 to 108010 (delta: 9000)
2025-03-25 20:10:34,781 - INFO - Successfully saved 3 users to money.txt
2025-03-25 20:10:42,781 - INFO - User 1151644112454439023: Balance changed from 108010 to 8010 (delta: -100000)
2025-03-25 20:10:42,782 - INFO - Successfully saved 3 users to money.txt
2025-03-25 20:10:42,782 - INFO - Successfully saved 1 tickets to lottery.txt
2025-03-25 20:12:37,232 - ERROR - Error loading tickets: [WinError 3] The system cannot find the path specified: ''
2025-03-25 20:12:37,232 - ERROR - Error loading users: [WinError 3] The system cannot find the path specified: ''
2025-03-25 20:12:37,233 - INFO - logging in using static token
2025-03-25 20:12:38,142 - INFO - Shard ID None has connected to Gateway (Session ID: 01c6a16b5683b4322dc37bed9a30616d).
2025-03-25 20:14:11,395 - INFO - Added new user 701932525551091743 with default balance 200
2025-03-25 20:14:11,395 - INFO - Successfully saved 1 users to money.txt
2025-03-25 20:14:11,395 - INFO - User 701932525551091743: Balance changed from 200 to 200 (delta: -200)
2025-03-25 20:14:11,396 - INFO - Successfully saved 1 users to money.txt
2025-03-25 20:14:13,971 - INFO - User 701932525551091743: Balance changed from 200 to 800 (delta: 600)
2025-03-25 20:14:13,971 - INFO - Successfully saved 1 users to money.txt
2025-03-25 20:14:15,129 - INFO - User 701932525551091743: Balance changed from 800 to 600 (delta: -200)
2025-03-25 20:14:15,130 - INFO - Successfully saved 1 users to money.txt
2025-03-25 20:14:16,615 - INFO - User 701932525551091743: Balance changed from 600 to 400 (delta: -200)
2025-03-25 20:14:16,615 - INFO - Successfully saved 1 users to money.txt
2025-03-25 20:14:19,144 - INFO - User 701932525551091743: Balance changed from 400 to 1000 (delta: 600)
2025-03-25 20:14:19,144 - INFO - Successfully saved 1 users to money.txt
2025-03-25 20:14:29,699 - INFO - User 701932525551091743: Balance changed from 1000 to 800 (delta: -200)
2025-03-25 20:14:29,699 - INFO - Successfully saved 1 users to money.txt
2025-03-25 20:14:33,143 - INFO - User 701932525551091743: Balance changed from 800 to 600 (delta: -200)
2025-03-25 20:14:33,143 - INFO - Successfully saved 1 users to money.txt
2025-03-25 20:14:34,751 - INFO - User 701932525551091743: Balance changed from 600 to 400 (delta: -200)
2025-03-25 20:14:34,752 - INFO - Successfully saved 1 users to money.txt
2025-03-25 20:14:36,351 - INFO - User 701932525551091743: Balance changed from 400 to 200 (delta: -200)
2025-03-25 20:14:36,352 - INFO - Successfully saved 1 users to money.txt
2025-03-25 20:14:41,073 - INFO - User 701932525551091743: Balance changed from 200 to 400 (delta: 200)
2025-03-25 20:14:41,073 - INFO - Successfully saved 1 users to money.txt
2025-03-25 20:14:43,697 - INFO - User 701932525551091743: Balance changed from 400 to 200 (delta: -200)
2025-03-25 20:14:43,697 - INFO - Successfully saved 1 users to money.txt
2025-03-25 20:14:45,903 - INFO - Added new user 1151644112454439023 with default balance 200
2025-03-25 20:14:45,904 - INFO - Successfully saved 2 users to money.txt
2025-03-25 20:16:33,366 - WARNING - No tickets in the lottery
2025-03-25 20:21:53,345 - INFO - User 701932525551091743: Balance changed from 200 to 800 (delta: 600)
2025-03-25 20:21:53,346 - INFO - Successfully saved 2 users to money.txt
2025-03-25 20:21:54,442 - INFO - User 701932525551091743: Balance changed from 800 to 600 (delta: -200)
2025-03-25 20:21:54,442 - INFO - Successfully saved 2 users to money.txt
2025-03-25 20:21:56,865 - INFO - User 701932525551091743: Balance changed from 600 to 400 (delta: -200)
2025-03-25 20:21:56,865 - INFO - Successfully saved 2 users to money.txt
2025-03-25 20:21:58,462 - INFO - User 701932525551091743: Balance changed from 400 to 200 (delta: -200)
2025-03-25 20:21:58,462 - INFO - Successfully saved 2 users to money.txt
2025-03-25 20:22:01,890 - INFO - User 701932525551091743: Balance changed from 200 to 200 (delta: -200)
2025-03-25 20:22:01,891 - INFO - Successfully saved 2 users to money.txt
2025-03-25 20:22:09,048 - INFO - User 701932525551091743: Balance changed from 200 to 800 (delta: 600)
2025-03-25 20:22:09,048 - INFO - Successfully saved 2 users to money.txt
2025-03-25 20:22:25,633 - INFO - User 701932525551091743: Balance changed from 800 to 1400 (delta: 600)
2025-03-25 20:22:25,633 - INFO - Successfully saved 2 users to money.txt
2025-03-25 20:22:38,625 - INFO - User 701932525551091743: Balance changed from 1400 to 1200 (delta: -200)
2025-03-25 20:22:38,625 - INFO - Successfully saved 2 users to money.txt
2025-03-25 20:23:26,348 - INFO - User 701932525551091743: Balance changed from 1200 to 1000 (delta: -200)
2025-03-25 20:23:26,348 - INFO - Successfully saved 2 users to money.txt
2025-03-25 20:23:55,620 - INFO - User 701932525551091743: Balance changed from 1000 to 2000 (delta: 1000)
2025-03-25 20:23:55,621 - INFO - Successfully saved 2 users to money.txt
2025-03-25 20:24:01,037 - INFO - User 701932525551091743: Balance changed from 2000 to 2600 (delta: 600)
2025-03-25 20:24:01,037 - INFO - Successfully saved 2 users to money.txt
2025-03-25 20:24:02,167 - INFO - User 701932525551091743: Balance changed from 2600 to 3200 (delta: 600)
2025-03-25 20:24:02,168 - INFO - Successfully saved 2 users to money.txt
2025-03-25 20:24:04,613 - INFO - User 701932525551091743: Balance changed from 3200 to 3000 (delta: -200)
2025-03-25 20:24:04,614 - INFO - Successfully saved 2 users to money.txt
2025-03-25 20:24:06,165 - INFO - User 701932525551091743: Balance changed from 3000 to 2800 (delta: -200)
2025-03-25 20:24:06,166 - INFO - Successfully saved 2 users to money.txt
2025-03-25 20:24:09,645 - INFO - User 701932525551091743: Balance changed from 2800 to 2600 (delta: -200)
2025-03-25 20:24:09,645 - INFO - Successfully saved 2 users to money.txt
2025-03-25 20:24:11,079 - INFO - User 701932525551091743: Balance changed from 2600 to 2400 (delta: -200)
2025-03-25 20:24:11,080 - INFO - Successfully saved 2 users to money.txt
2025-03-25 20:24:18,166 - INFO - User 701932525551091743: Balance changed from 2400 to 3400 (delta: 1000)
2025-03-25 20:24:18,168 - INFO - Successfully saved 2 users to money.txt
2025-03-25 20:24:20,813 - INFO - Added new user 729158162279563275 with default balance 200
2025-03-25 20:24:20,813 - INFO - Successfully saved 3 users to money.txt
2025-03-25 20:24:26,601 - INFO - User 701932525551091743: Balance changed from 3400 to 2400 (delta: -1000)
2025-03-25 20:24:26,602 - INFO - Successfully saved 3 users to money.txt
2025-03-25 20:24:28,638 - INFO - User 701932525551091743: Balance changed from 2400 to 3400 (delta: 1000)
2025-03-25 20:24:28,638 - INFO - Successfully saved 3 users to money.txt
2025-03-25 20:24:29,404 - INFO - User 729158162279563275: Balance changed from 200 to 200 (delta: -200)
2025-03-25 20:24:29,405 - INFO - Successfully saved 3 users to money.txt
2025-03-25 20:24:31,456 - INFO - User 701932525551091743: Balance changed from 3400 to 2400 (delta: -1000)
2025-03-25 20:24:31,457 - INFO - Successfully saved 3 users to money.txt
2025-03-25 20:24:32,654 - INFO - User 729158162279563275: Balance changed from 200 to 200 (delta: -200)
2025-03-25 20:24:32,654 - INFO - Successfully saved 3 users to money.txt
2025-03-25 20:24:32,941 - INFO - User 701932525551091743: Balance changed from 2400 to 1400 (delta: -1000)
2025-03-25 20:24:32,941 - INFO - Successfully saved 3 users to money.txt
2025-03-25 20:24:34,040 - INFO - User 729158162279563275: Balance changed from 200 to 800 (delta: 600)
2025-03-25 20:24:34,042 - INFO - Successfully saved 3 users to money.txt
2025-03-25 20:24:34,180 - INFO - User 701932525551091743: Balance changed from 1400 to 2400 (delta: 1000)
2025-03-25 20:24:34,181 - INFO - Successfully saved 3 users to money.txt
2025-03-25 20:24:37,224 - INFO - User 729158162279563275: Balance changed from 800 to 600 (delta: -200)
2025-03-25 20:24:37,225 - INFO - Successfully saved 3 users to money.txt
2025-03-25 20:24:38,663 - INFO - User 729158162279563275: Balance changed from 600 to 400 (delta: -200)
2025-03-25 20:24:38,663 - INFO - Successfully saved 3 users to money.txt
2025-03-25 20:24:40,758 - INFO - User 701932525551091743: Balance changed from 2400 to 3400 (delta: 1000)
2025-03-25 20:24:40,759 - INFO - Successfully saved 3 users to money.txt
2025-03-25 20:24:41,290 - INFO - User 729158162279563275: Balance changed from 400 to 200 (delta: -200)
2025-03-25 20:24:41,290 - INFO - Successfully saved 3 users to money.txt
2025-03-25 20:24:42,916 - INFO - User 729158162279563275: Balance changed from 200 to 800 (delta: 600)
2025-03-25 20:24:42,916 - INFO - Successfully saved 3 users to money.txt
2025-03-25 20:24:46,650 - INFO - User 729158162279563275: Balance changed from 800 to 1400 (delta: 600)
2025-03-25 20:24:46,651 - INFO - Successfully saved 3 users to money.txt
2025-03-25 20:24:48,120 - INFO - User 701932525551091743: Balance changed from 3400 to 400 (delta: -3000)
2025-03-25 20:24:48,121 - INFO - Successfully saved 3 users to money.txt
2025-03-25 20:25:02,066 - INFO - User 729158162279563275: Balance changed from 1400 to 200 (delta: -1400)
2025-03-25 20:25:02,067 - INFO - Successfully saved 3 users to money.txt
2025-03-25 20:25:07,271 - INFO - User 729158162279563275: Balance changed from 200 to 200 (delta: -200)
2025-03-25 20:25:07,272 - INFO - Successfully saved 3 users to money.txt
2025-03-25 20:25:09,640 - INFO - User 729158162279563275: Balance changed from 200 to 800 (delta: 600)
2025-03-25 20:25:09,640 - INFO - Successfully saved 3 users to money.txt
2025-03-25 20:25:11,623 - INFO - User 729158162279563275: Balance changed from 800 to 1400 (delta: 600)
2025-03-25 20:25:11,624 - INFO - Successfully saved 3 users to money.txt
2025-03-25 20:25:48,371 - INFO - User 729158162279563275: Balance changed from 1400 to 5600 (delta: 4200)
2025-03-25 20:25:48,372 - INFO - Successfully saved 3 users to money.txt
2025-03-25 20:25:51,789 - INFO - User 729158162279563275: Balance changed from 5600 to 9800 (delta: 4200)
2025-03-25 20:25:51,789 - INFO - Successfully saved 3 users to money.txt
2025-03-25 20:25:54,102 - INFO - User 729158162279563275: Balance changed from 9800 to 14000 (delta: 4200)
2025-03-25 20:25:54,102 - INFO - Successfully saved 3 users to money.txt
2025-03-25 20:26:05,940 - INFO - User 729158162279563275: Balance changed from 14000 to 224000 (delta: 210000)
2025-03-25 20:26:05,940 - INFO - Successfully saved 3 users to money.txt
2025-03-25 20:26:53,024 - INFO - User 729158162279563275: Balance changed from 224000 to 124000 (delta: -100000)
2025-03-25 20:26:53,025 - INFO - Successfully saved 3 users to money.txt
2025-03-25 20:26:53,025 - INFO - Successfully saved 1 tickets to lottery.txt
